{"meta": {"format": 3, "version": "7.16.0", "timestamp": "2026-08-31T23:37:22.252604", "branch_coverage": false, "show_contexts": false}, "files": {"src/attest/__init__.py": {"executed_lines": [3], "summary": {"covered_lines": 1, "num_statements": 1, "percent_covered": 100.0, "percent_covered_display": "100", "missing_lines": 0, "excluded_lines": 0, "percent_statements_covered": 100.0, "percent_statements_covered_display": "100"}, "missing_lines": [], "excluded_lines": [], "functions": {"": {"executed_lines": [3], "summary": {"covered_lines": 1, "num_statements": 1, "percent_covered": 100.0, "percent_covered_display": "100", "missing_lines": 0, "excluded_lines": 0, "percent_statements_covered": 100.0, "percent_statements_covered_display": "100"}, "missing_lines": [], "excluded_lines": [], "start_line": 1}}, "classes": {"": {"executed_lines": [3], "summary": {"covered_lines": 1, "num_statements": 1, "percent_covered": 100.0, "percent_covered_display": "100", "missing_lines": 0, "excluded_lines": 0, "percent_statements_covered": 100.0, "percent_statements_covered_display": "100"}, "missing_lines": [], "excluded_lines": [], "start_line": 1}}}, "src/attest/benchmark/__init__.py": {"executed_lines": [], "summary": {"covered_lines": 0, "num_statements": 0, "percent_covered": 100.0, "percent_covered_display": "100", "missing_lines": 0, "excluded_lines": 0, "percent_statements_covered": 100.0, "percent_statements_covered_display": "100"}, "missing_lines": [], "excluded_lines": [], "functions": {"": {"executed_lines": [], "summary": {"covered_lines": 0, "num_statements": 0, "percent_covered": 100.0, "percent_covered_display": "100", "missing_lines": 0, "excluded_lines": 0, "percent_statements_covered": 100.0, "percent_statements_covered_display": "100"}, "missing_lines": [], "excluded_lines": [], "start_line": 1}}, "classes": {"": {"executed_lines": [], "summary": {"covered_lines": 0, "num_statements": 0, "percent_covered": 100.0, "percent_covered_display": "100", "missing_lines": 0, "excluded_lines": 0, "percent_statements_covered": 100.0, "percent_statements_covered_display": "100"}, "missing_lines": [], "excluded_lines": [], "start_line": 1}}}, "src/attest/benchmark/api.py": {"executed_lines": [18, 20, 21, 22, 23, 24, 25, 26, 27, 28, 29, 30, 31, 32, 33, 34, 36, 37, 38, 52, 61, 68, 69, 74, 75, 76, 78, 79, 80, 81, 83, 84, 85, 86, 89, 93, 97, 101, 102, 105, 106, 107, 108, 109, 110, 111, 112, 113, 114, 115, 116, 117, 118, 119, 120, 122, 123, 144, 145, 148, 149, 150, 153, 155, 159, 166, 167, 168, 175, 177, 178, 183, 187, 188, 198, 201, 202, 205, 206, 209, 211, 212, 213, 224, 228, 229, 232, 233, 234, 236, 239, 246, 247, 248, 249, 250, 251, 252, 253, 258, 263, 264, 267, 268, 271, 272, 273, 274, 277, 279, 281, 283, 288, 291, 292, 295, 296, 297, 298, 299, 300, 301, 302, 303, 304, 305, 306, 307, 308, 309, 312, 314, 316, 317, 318, 319, 320, 322, 323, 330, 335, 337, 343, 346, 347, 348, 354, 355, 356, 357, 358, 359, 360, 363, 364, 367, 368, 369, 370, 372, 373, 388, 389, 392, 393, 394, 395, 396, 397, 398, 399, 400, 401, 402, 403, 404, 405, 406, 407, 408, 410, 411, 412, 413, 418, 419, 422, 423, 427, 428, 432, 433, 434, 436, 438, 473, 474, 475, 476, 477, 480, 484, 486, 488, 490, 499, 500, 501, 503, 504, 505, 509, 518, 519, 530, 531, 534, 537, 538, 539, 540, 541, 542, 543, 546, 555, 556, 565, 575, 577, 578, 579, 580, 581, 582, 583, 585, 586, 588, 590, 596, 612, 613, 614, 618, 619, 629, 635, 640, 647, 648, 650, 651, 661, 674, 675, 676, 677, 678, 679, 680, 681, 682, 687, 696, 699, 700, 701, 702, 703, 706, 721, 722, 723, 724, 728, 729, 730, 734, 735, 736, 738, 739, 748, 750, 755, 756, 776, 780, 781, 782, 783, 784, 785, 786, 787, 788, 789, 790, 791, 792, 797, 798, 799, 807, 814, 815, 816, 821, 824, 825, 828, 837, 838, 841, 844, 846, 858, 859, 862, 863, 866, 868, 869, 870, 871, 872, 873, 874, 877, 878, 879, 880, 881, 882, 883, 884, 885, 887, 888, 889, 892, 894, 895, 897, 900, 901, 902, 903, 906, 907, 912, 917, 918, 920, 921, 922, 923, 926, 927, 928, 937, 940, 941, 942, 950, 953, 954, 955, 958, 959, 960, 963, 965, 966, 968, 969, 971, 974, 976, 977, 978, 979, 980, 983, 996, 997, 998, 999, 1000, 1003, 1021, 1024, 1029, 1030, 1031, 1032, 1033, 1036, 1045, 1046, 1047, 1048, 1049, 1050, 1051, 1053, 1074, 1081, 1082, 1083, 1084, 1085, 1086, 1092, 1094, 1108, 1116, 1119, 1120, 1121, 1122, 1127, 1128, 1134, 1140, 1148, 1149, 1155, 1163, 1165, 1173], "summary": {"covered_lines": 432, "num_statements": 469, "percent_covered": 92.11087420042644, "percent_covered_display": "92", "missing_lines": 37, "excluded_lines": 0, "percent_statements_covered": 92.11087420042644, "percent_statements_covered_display": "92"}, "missing_lines": [235, 278, 280, 282, 287, 315, 321, 329, 336, 424, 485, 487, 489, 502, 506, 576, 587, 615, 683, 684, 685, 686, 749, 886, 893, 896, 919, 935, 936, 948, 949, 967, 970, 1052, 1093, 1139, 1154], "excluded_lines": [], "functions": {"ProjectEvaluationBinding.to_json_dict": {"executed_lines": [123], "summary": {"covered_lines": 1, "num_statements": 1, "percent_covered": 100.0, "percent_covered_display": "100", "missing_lines": 0, "excluded_lines": 0, "percent_statements_covered": 100.0, "percent_statements_covered_display": "100"}, "missing_lines": [], "excluded_lines": [], "start_line": 122}, "current_runtime_identity": {"executed_lines": [155, 159, 166, 167, 168], "summary": {"covered_lines": 5, "num_statements": 5, "percent_covered": 100.0, "percent_covered_display": "100", "missing_lines": 0, "excluded_lines": 0, "percent_statements_covered": 100.0, "percent_statements_covered_display": "100"}, "missing_lines": [], "excluded_lines": [], "start_line": 153}, "_code_sha256": {"executed_lines": [177, 178, 183, 187, 188, 198], "summary": {"covered_lines": 6, "num_statements": 6, "percent_covered": 100.0, "percent_covered_display": "100", "missing_lines": 0, "excluded_lines": 0, "percent_statements_covered": 100.0, "percent_statements_covered_display": "100"}, "missing_lines": [], "excluded_lines": [], "start_line": 175}, "project_truth_sha256": {"executed_lines": [211, 212, 213], "summary": {"covered_lines": 3, "num_statements": 3, "percent_covered": 100.0, "percent_covered_display": "100", "missing_lines": 0, "excluded_lines": 0, "percent_statements_covered": 100.0, "percent_statements_covered_display": "100"}, "missing_lines": [], "excluded_lines": [], "start_line": 209}, "manifest_project_truth": {"executed_lines": [228, 229, 232, 233, 234, 236], "summary": {"covered_lines": 6, "num_statements": 7, "percent_covered": 85.71428571428571, "percent_covered_display": "86", "missing_lines": 1, "excluded_lines": 0, "percent_statements_covered": 85.71428571428571, "percent_statements_covered_display": "86"}, "missing_lines": [235], "excluded_lines": [], "start_line": 224}, "require_manifest_evaluation_request": {"executed_lines": [246, 247, 248, 249, 250, 251, 252, 253, 258, 263, 264, 267, 268, 271, 272, 273, 274, 277, 279, 281, 283, 288], "summary": {"covered_lines": 22, "num_statements": 26, "percent_covered": 84.61538461538461, "percent_covered_display": "85", "missing_lines": 4, "excluded_lines": 0, "percent_statements_covered": 84.61538461538461, "percent_statements_covered_display": "85"}, "missing_lines": [278, 280, 282, 287], "excluded_lines": [], "start_line": 239}, "validate_project_evaluation_request": {"executed_lines": [314, 316, 317, 318, 319, 320, 322, 323, 330, 335, 337, 343, 346, 347, 348, 354, 355, 356, 357, 358, 359, 360], "summary": {"covered_lines": 22, "num_statements": 26, "percent_covered": 84.61538461538461, "percent_covered_display": "85", "missing_lines": 4, "excluded_lines": 0, "percent_statements_covered": 84.61538461538461, "percent_statements_covered_display": "85"}, "missing_lines": [315, 321, 329, 336], "excluded_lines": [], "start_line": 312}, "ProjectEvaluationScore.to_json_dict": {"executed_lines": [373], "summary": {"covered_lines": 1, "num_statements": 1, "percent_covered": 100.0, "percent_covered_display": "100", "missing_lines": 0, "excluded_lines": 0, "percent_statements_covered": 100.0, "percent_statements_covered_display": "100"}, "missing_lines": [], "excluded_lines": [], "start_line": 372}, "ProjectEvaluationResult.__post_init__": {"executed_lines": [411, 412, 413, 418, 419, 422, 423, 427, 428], "summary": {"covered_lines": 9, "num_statements": 10, "percent_covered": 90.0, "percent_covered_display": "90", "missing_lines": 1, "excluded_lines": 0, "percent_statements_covered": 90.0, "percent_statements_covered_display": "90"}, "missing_lines": [424], "excluded_lines": [], "start_line": 410}, "ProjectEvaluationResult.total_spend_usd": {"executed_lines": [434], "summary": {"covered_lines": 1, "num_statements": 1, "percent_covered": 100.0, "percent_covered_display": "100", "missing_lines": 0, "excluded_lines": 0, "percent_statements_covered": 100.0, "percent_statements_covered_display": "100"}, "missing_lines": [], "excluded_lines": [], "start_line": 433}, "ProjectEvaluationResult.to_json_dict": {"executed_lines": [438], "summary": {"covered_lines": 1, "num_statements": 1, "percent_covered": 100.0, "percent_covered_display": "100", "missing_lines": 0, "excluded_lines": 0, "percent_statements_covered": 100.0, "percent_statements_covered_display": "100"}, "missing_lines": [], "excluded_lines": [], "start_line": 436}, "_snapshot_project_evaluation_request": {"executed_lines": [484, 486, 488, 490, 499, 500, 501, 503, 504, 505, 509, 518, 519, 530, 531], "summary": {"covered_lines": 15, "num_statements": 20, "percent_covered": 75.0, "percent_covered_display": "75", "missing_lines": 5, "excluded_lines": 0, "percent_statements_covered": 75.0, "percent_statements_covered_display": "75"}, "missing_lines": [485, 487, 489, 502, 506], "excluded_lines": [], "start_line": 480}, "_prepare_project_evaluation": {"executed_lines": [537, 538, 539, 540, 541, 542, 543], "summary": {"covered_lines": 7, "num_statements": 7, "percent_covered": 100.0, "percent_covered_display": "100", "missing_lines": 0, "excluded_lines": 0, "percent_statements_covered": 100.0, "percent_statements_covered_display": "100"}, "missing_lines": [], "excluded_lines": [], "start_line": 534}, "evaluate_project": {"executed_lines": [555, 556], "summary": {"covered_lines": 2, "num_statements": 2, "percent_covered": 100.0, "percent_covered_display": "100", "missing_lines": 0, "excluded_lines": 0, "percent_statements_covered": 100.0, "percent_statements_covered_display": "100"}, "missing_lines": [], "excluded_lines": [], "start_line": 546}, "_evaluate_prepared_project": {"executed_lines": [575, 577, 578, 579, 580, 581, 582, 583, 585, 590, 596, 612, 613, 614, 618, 619, 629, 635, 640, 647, 648, 650, 651], "summary": {"covered_lines": 23, "num_statements": 25, "percent_covered": 92.0, "percent_covered_display": "92", "missing_lines": 2, "excluded_lines": 0, "percent_statements_covered": 92.0, "percent_statements_covered_display": "92"}, "missing_lines": [576, 615], "excluded_lines": [], "start_line": 565}, "_evaluate_prepared_project.freeze_execution_result": {"executed_lines": [586, 588], "summary": {"covered_lines": 2, "num_statements": 3, "percent_covered": 66.66666666666667, "percent_covered_display": "67", "missing_lines": 1, "excluded_lines": 0, "percent_statements_covered": 66.66666666666667, "percent_statements_covered_display": "67"}, "missing_lines": [587], "excluded_lines": [], "start_line": 585}, "evaluate_projects": {"executed_lines": [674, 675, 676, 677, 678, 679, 680, 681, 682, 687, 696], "summary": {"covered_lines": 11, "num_statements": 15, "percent_covered": 73.33333333333333, "percent_covered_display": "73", "missing_lines": 4, "excluded_lines": 0, "percent_statements_covered": 73.33333333333333, "percent_statements_covered_display": "73"}, "missing_lines": [683, 684, 685, 686], "excluded_lines": [], "start_line": 661}, "build_evaluation_binding": {"executed_lines": [721, 722, 723, 724, 728, 729, 730, 734, 735, 736, 738, 739, 748, 750, 755, 756], "summary": {"covered_lines": 16, "num_statements": 17, "percent_covered": 94.11764705882354, "percent_covered_display": "94", "missing_lines": 1, "excluded_lines": 0, "percent_statements_covered": 94.11764705882354, "percent_statements_covered_display": "94"}, "missing_lines": [749], "excluded_lines": [], "start_line": 706}, "freeze_evaluation_request": {"executed_lines": [780, 781, 782, 783, 784, 785, 786, 787, 788, 789, 790, 791, 792, 797, 798, 799], "summary": {"covered_lines": 16, "num_statements": 16, "percent_covered": 100.0, "percent_covered_display": "100", "missing_lines": 0, "excluded_lines": 0, "percent_statements_covered": 100.0, "percent_statements_covered_display": "100"}, "missing_lines": [], "excluded_lines": [], "start_line": 776}, "require_prebuilt_evaluation_binding": {"executed_lines": [814, 815, 816, 821, 824, 825, 828, 837, 838, 841], "summary": {"covered_lines": 10, "num_statements": 10, "percent_covered": 100.0, "percent_covered_display": "100", "missing_lines": 0, "excluded_lines": 0, "percent_statements_covered": 100.0, "percent_statements_covered_display": "100"}, "missing_lines": [], "excluded_lines": [], "start_line": 807}, "_evaluation_policy_payload": {"executed_lines": [846], "summary": {"covered_lines": 1, "num_statements": 1, "percent_covered": 100.0, "percent_covered_display": "100", "missing_lines": 0, "excluded_lines": 0, "percent_statements_covered": 100.0, "percent_statements_covered_display": "100"}, "missing_lines": [], "excluded_lines": [], "start_line": 844}, "_current_prompt_sha256": {"executed_lines": [859], "summary": {"covered_lines": 1, "num_statements": 1, "percent_covered": 100.0, "percent_covered_display": "100", "missing_lines": 0, "excluded_lines": 0, "percent_statements_covered": 100.0, "percent_statements_covered_display": "100"}, "missing_lines": [], "excluded_lines": [], "start_line": 858}, "_current_schema_sha256": {"executed_lines": [863], "summary": {"covered_lines": 1, "num_statements": 1, "percent_covered": 100.0, "percent_covered_display": "100", "missing_lines": 0, "excluded_lines": 0, "percent_statements_covered": 100.0, "percent_statements_covered_display": "100"}, "missing_lines": [], "excluded_lines": [], "start_line": 862}, "_resolve": {"executed_lines": [868, 869, 870, 871, 872, 873, 874, 877, 878, 879, 880, 881, 882, 883, 884, 885, 887, 888, 889, 892, 894, 895, 897], "summary": {"covered_lines": 23, "num_statements": 26, "percent_covered": 88.46153846153847, "percent_covered_display": "88", "missing_lines": 3, "excluded_lines": 0, "percent_statements_covered": 88.46153846153847, "percent_statements_covered_display": "88"}, "missing_lines": [886, 893, 896], "excluded_lines": [], "start_line": 866}, "_require_opaque_case_id": {"executed_lines": [901, 902, 903, 906, 907, 912], "summary": {"covered_lines": 6, "num_statements": 6, "percent_covered": 100.0, "percent_covered_display": "100", "missing_lines": 0, "excluded_lines": 0, "percent_statements_covered": 100.0, "percent_statements_covered_display": "100"}, "missing_lines": [], "excluded_lines": [], "start_line": 900}, "_commit": {"executed_lines": [918, 920, 921, 922, 923], "summary": {"covered_lines": 5, "num_statements": 6, "percent_covered": 83.33333333333333, "percent_covered_display": "83", "missing_lines": 1, "excluded_lines": 0, "percent_statements_covered": 83.33333333333333, "percent_statements_covered_display": "83"}, "missing_lines": [919], "excluded_lines": [], "start_line": 917}, "_git": {"executed_lines": [927, 928, 937], "summary": {"covered_lines": 3, "num_statements": 5, "percent_covered": 60.0, "percent_covered_display": "60", "missing_lines": 2, "excluded_lines": 0, "percent_statements_covered": 60.0, "percent_statements_covered_display": "60"}, "missing_lines": [935, 936], "excluded_lines": [], "start_line": 926}, "_git_bytes": {"executed_lines": [941, 942, 950], "summary": {"covered_lines": 3, "num_statements": 5, "percent_covered": 60.0, "percent_covered_display": "60", "missing_lines": 2, "excluded_lines": 0, "percent_statements_covered": 60.0, "percent_statements_covered_display": "60"}, "missing_lines": [948, 949], "excluded_lines": [], "start_line": 940}, "_require_digest": {"executed_lines": [954, 955], "summary": {"covered_lines": 2, "num_statements": 2, "percent_covered": 100.0, "percent_covered_display": "100", "missing_lines": 0, "excluded_lines": 0, "percent_statements_covered": 100.0, "percent_statements_covered_display": "100"}, "missing_lines": [], "excluded_lines": [], "start_line": 953}, "_json_digest": {"executed_lines": [959, 960], "summary": {"covered_lines": 2, "num_statements": 2, "percent_covered": 100.0, "percent_covered_display": "100", "missing_lines": 0, "excluded_lines": 0, "percent_statements_covered": 100.0, "percent_statements_covered_display": "100"}, "missing_lines": [], "excluded_lines": [], "start_line": 958}, "_own_worktree": {"executed_lines": [965, 966, 968, 969, 971], "summary": {"covered_lines": 5, "num_statements": 7, "percent_covered": 71.42857142857143, "percent_covered_display": "71", "missing_lines": 2, "excluded_lines": 0, "percent_statements_covered": 71.42857142857143, "percent_statements_covered_display": "71"}, "missing_lines": [967, 970], "excluded_lines": [], "start_line": 963}, "_release_worktree": {"executed_lines": [976, 977, 978, 979, 980], "summary": {"covered_lines": 5, "num_statements": 5, "percent_covered": 100.0, "percent_covered_display": "100", "missing_lines": 0, "excluded_lines": 0, "percent_statements_covered": 100.0, "percent_statements_covered_display": "100"}, "missing_lines": [], "excluded_lines": [], "start_line": 974}, "_persist": {"executed_lines": [996, 997, 998, 999, 1000, 1003, 1021, 1024, 1029, 1030, 1031, 1032, 1033], "summary": {"covered_lines": 13, "num_statements": 13, "percent_covered": 100.0, "percent_covered_display": "100", "missing_lines": 0, "excluded_lines": 0, "percent_statements_covered": 100.0, "percent_statements_covered_display": "100"}, "missing_lines": [], "excluded_lines": [], "start_line": 983}, "_result": {"executed_lines": [1045, 1046, 1047, 1048, 1049, 1050, 1051, 1053], "summary": {"covered_lines": 8, "num_statements": 9, "percent_covered": 88.88888888888889, "percent_covered_display": "89", "missing_lines": 1, "excluded_lines": 0, "percent_statements_covered": 88.88888888888889, "percent_statements_covered_display": "89"}, "missing_lines": [1052], "excluded_lines": [], "start_line": 1036}, "_adjudicate_measurement": {"executed_lines": [1081, 1082, 1083, 1084, 1085, 1086, 1092, 1094, 1108], "summary": {"covered_lines": 9, "num_statements": 10, "percent_covered": 90.0, "percent_covered_display": "90", "missing_lines": 1, "excluded_lines": 0, "percent_statements_covered": 90.0, "percent_statements_covered_display": "90"}, "missing_lines": [1093], "excluded_lines": [], "start_line": 1074}, "_score": {"executed_lines": [1119, 1120, 1121, 1122, 1127, 1128, 1134, 1140, 1148, 1149, 1155], "summary": {"covered_lines": 11, "num_statements": 13, "percent_covered": 84.61538461538461, "percent_covered_display": "85", "missing_lines": 2, "excluded_lines": 0, "percent_statements_covered": 84.61538461538461, "percent_statements_covered_display": "85"}, "missing_lines": [1139, 1154], "excluded_lines": [], "start_line": 1116}, "_deferred": {"executed_lines": [1165, 1173], "summary": {"covered_lines": 2, "num_statements": 2, "percent_covered": 100.0, "percent_covered_display": "100", "missing_lines": 0, "excluded_lines": 0, "percent_statements_covered": 100.0, "percent_statements_covered_display": "100"}, "missing_lines": [], "excluded_lines": [], "start_line": 1163}, "": {"executed_lines": [18, 20, 21, 22, 23, 24, 25, 26, 27, 28, 29, 30, 31, 32, 33, 34, 36, 37, 38, 52, 61, 68, 69, 74, 75, 76, 78, 79, 80, 81, 83, 84, 85, 86, 89, 93, 97, 101, 102, 105, 106, 107, 108, 109, 110, 111, 112, 113, 114, 115, 116, 117, 118, 119, 120, 122, 144, 145, 148, 149, 150, 153, 175, 201, 202, 205, 206, 209, 224, 239, 291, 292, 295, 296, 297, 298, 299, 300, 301, 302, 303, 304, 305, 306, 307, 308, 309, 312, 363, 364, 367, 368, 369, 370, 372, 388, 389, 392, 393, 394, 395, 396, 397, 398, 399, 400, 401, 402, 403, 404, 405, 406, 407, 408, 410, 432, 433, 436, 473, 474, 475, 476, 477, 480, 534, 546, 565, 661, 699, 700, 701, 702, 703, 706, 776, 807, 844, 858, 862, 866, 900, 917, 926, 940, 953, 958, 963, 974, 983, 1036, 1074, 1116, 1163], "summary": {"covered_lines": 153, "num_statements": 153, "percent_covered": 100.0, "percent_covered_display": "100", "missing_lines": 0, "excluded_lines": 0, "percent_statements_covered": 100.0, "percent_statements_covered_display": "100"}, "missing_lines": [], "excluded_lines": [], "start_line": 1}}, "classes": {"ProjectEvaluationError": {"executed_lines": [], "summary": {"covered_lines": 0, "num_statements": 0, "percent_covered": 100.0, "percent_covered_display": "100", "missing_lines": 0, "excluded_lines": 0, "percent_statements_covered": 100.0, "percent_statements_covered_display": "100"}, "missing_lines": [], "excluded_lines": [], "start_line": 89}, "ProjectEvaluationPreExecutionError": {"executed_lines": [], "summary": {"covered_lines": 0, "num_statements": 0, "percent_covered": 100.0, "percent_covered_display": "100", "missing_lines": 0, "excluded_lines": 0, "percent_statements_covered": 100.0, "percent_statements_covered_display": "100"}, "missing_lines": [], "excluded_lines": [], "start_line": 93}, "ProjectEvaluationAuthorityError": {"executed_lines": [], "summary": {"covered_lines": 0, "num_statements": 0, "percent_covered": 100.0, "percent_covered_display": "100", "missing_lines": 0, "excluded_lines": 0, "percent_statements_covered": 100.0, "percent_statements_covered_display": "100"}, "missing_lines": [], "excluded_lines": [], "start_line": 97}, "ProjectEvaluationBinding": {"executed_lines": [123], "summary": {"covered_lines": 1, "num_statements": 1, "percent_covered": 100.0, "percent_covered_display": "100", "missing_lines": 0, "excluded_lines": 0, "percent_statements_covered": 100.0, "percent_statements_covered_display": "100"}, "missing_lines": [], "excluded_lines": [], "start_line": 102}, "RuntimeIdentity": {"executed_lines": [], "summary": {"covered_lines": 0, "num_statements": 0, "percent_covered": 100.0, "percent_covered_display": "100", "missing_lines": 0, "excluded_lines": 0, "percent_statements_covered": 100.0, "percent_statements_covered_display": "100"}, "missing_lines": [], "excluded_lines": [], "start_line": 145}, "ProjectTruth": {"executed_lines": [], "summary": {"covered_lines": 0, "num_statements": 0, "percent_covered": 100.0, "percent_covered_display": "100", "missing_lines": 0, "excluded_lines": 0, "percent_statements_covered": 100.0, "percent_statements_covered_display": "100"}, "missing_lines": [], "excluded_lines": [], "start_line": 202}, "ProjectEvaluationRequest": {"executed_lines": [], "summary": {"covered_lines": 0, "num_statements": 0, "percent_covered": 100.0, "percent_covered_display": "100", "missing_lines": 0, "excluded_lines": 0, "percent_statements_covered": 100.0, "percent_statements_covered_display": "100"}, "missing_lines": [], "excluded_lines": [], "start_line": 292}, "ProjectEvaluationScore": {"executed_lines": [373], "summary": {"covered_lines": 1, "num_statements": 1, "percent_covered": 100.0, "percent_covered_display": "100", "missing_lines": 0, "excluded_lines": 0, "percent_statements_covered": 100.0, "percent_statements_covered_display": "100"}, "missing_lines": [], "excluded_lines": [], "start_line": 364}, "ProjectEvaluationResult": {"executed_lines": [411, 412, 413, 418, 419, 422, 423, 427, 428, 434, 438], "summary": {"covered_lines": 11, "num_statements": 12, "percent_covered": 91.66666666666667, "percent_covered_display": "92", "missing_lines": 1, "excluded_lines": 0, "percent_statements_covered": 91.66666666666667, "percent_statements_covered_display": "92"}, "missing_lines": [424], "excluded_lines": [], "start_line": 389}, "_ProjectPreflight": {"executed_lines": [], "summary": {"covered_lines": 0, "num_statements": 0, "percent_covered": 100.0, "percent_covered_display": "100", "missing_lines": 0, "excluded_lines": 0, "percent_statements_covered": 100.0, "percent_statements_covered_display": "100"}, "missing_lines": [], "excluded_lines": [], "start_line": 474}, "_Resolved": {"executed_lines": [], "summary": {"covered_lines": 0, "num_statements": 0, "percent_covered": 100.0, "percent_covered_display": "100", "missing_lines": 0, "excluded_lines": 0, "percent_statements_covered": 100.0, "percent_statements_covered_display": "100"}, "missing_lines": [], "excluded_lines": [], "start_line": 700}, "": {"executed_lines": [18, 20, 21, 22, 23, 24, 25, 26, 27, 28, 29, 30, 31, 32, 33, 34, 36, 37, 38, 52, 61, 68, 69, 74, 75, 76, 78, 79, 80, 81, 83, 84, 85, 86, 89, 93, 97, 101, 102, 105, 106, 107, 108, 109, 110, 111, 112, 113, 114, 115, 116, 117, 118, 119, 120, 122, 144, 145, 148, 149, 150, 153, 155, 159, 166, 167, 168, 175, 177, 178, 183, 187, 188, 198, 201, 202, 205, 206, 209, 211, 212, 213, 224, 228, 229, 232, 233, 234, 236, 239, 246, 247, 248, 249, 250, 251, 252, 253, 258, 263, 264, 267, 268, 271, 272, 273, 274, 277, 279, 281, 283, 288, 291, 292, 295, 296, 297, 298, 299, 300, 301, 302, 303, 304, 305, 306, 307, 308, 309, 312, 314, 316, 317, 318, 319, 320, 322, 323, 330, 335, 337, 343, 346, 347, 348, 354, 355, 356, 357, 358, 359, 360, 363, 364, 367, 368, 369, 370, 372, 388, 389, 392, 393, 394, 395, 396, 397, 398, 399, 400, 401, 402, 403, 404, 405, 406, 407, 408, 410, 432, 433, 436, 473, 474, 475, 476, 477, 480, 484, 486, 488, 490, 499, 500, 501, 503, 504, 505, 509, 518, 519, 530, 531, 534, 537, 538, 539, 540, 541, 542, 543, 546, 555, 556, 565, 575, 577, 578, 579, 580, 581, 582, 583, 585, 586, 588, 590, 596, 612, 613, 614, 618, 619, 629, 635, 640, 647, 648, 650, 651, 661, 674, 675, 676, 677, 678, 679, 680, 681, 682, 687, 696, 699, 700, 701, 702, 703, 706, 721, 722, 723, 724, 728, 729, 730, 734, 735, 736, 738, 739, 748, 750, 755, 756, 776, 780, 781, 782, 783, 784, 785, 786, 787, 788, 789, 790, 791, 792, 797, 798, 799, 807, 814, 815, 816, 821, 824, 825, 828, 837, 838, 841, 844, 846, 858, 859, 862, 863, 866, 868, 869, 870, 871, 872, 873, 874, 877, 878, 879, 880, 881, 882, 883, 884, 885, 887, 888, 889, 892, 894, 895, 897, 900, 901, 902, 903, 906, 907, 912, 917, 918, 920, 921, 922, 923, 926, 927, 928, 937, 940, 941, 942, 950, 953, 954, 955, 958, 959, 960, 963, 965, 966, 968, 969, 971, 974, 976, 977, 978, 979, 980, 983, 996, 997, 998, 999, 1000, 1003, 1021, 1024, 1029, 1030, 1031, 1032, 1033, 1036, 1045, 1046, 1047, 1048, 1049, 1050, 1051, 1053, 1074, 1081, 1082, 1083, 1084, 1085, 1086, 1092, 1094, 1108, 1116, 1119, 1120, 1121, 1122, 1127, 1128, 1134, 1140, 1148, 1149, 1155, 1163, 1165, 1173], "summary": {"covered_lines": 419, "num_statements": 455, "percent_covered": 92.08791208791209, "percent_covered_display": "92", "missing_lines": 36, "excluded_lines": 0, "percent_statements_covered": 92.08791208791209, "percent_statements_covered_display": "92"}, "missing_lines": [235, 278, 280, 282, 287, 315, 321, 329, 336, 485, 487, 489, 502, 506, 576, 587, 615, 683, 684, 685, 686, 749, 886, 893, 896, 919, 935, 936, 948, 949, 967, 970, 1052, 1093, 1139, 1154], "excluded_lines": [], "start_line": 1}}}, "src/attest/benchmark/artifacts.py": {"executed_lines": [14, 16, 17, 18, 19, 20, 21, 22, 23, 24, 25, 26, 28, 31, 32, 33, 34, 38, 60, 64, 65, 66, 67, 71, 83, 85, 97, 100, 103, 104, 105, 108, 109, 112, 113, 114, 115, 116, 118, 120, 123, 125, 134, 143, 145, 146, 147, 148, 149, 150, 151, 152, 153, 154, 155, 156, 159, 162, 170, 171, 172, 176, 178, 182, 183, 186, 187, 188, 189, 190, 191, 193, 195, 197, 198, 201, 203, 204, 205, 206, 207, 208, 209, 216, 217, 218, 220, 222, 223, 224, 225, 226, 227, 228, 231, 233, 235, 237, 238, 244, 245, 250, 251, 252, 253, 255, 256, 257, 258, 259, 260, 266, 267, 268, 271, 272, 273, 274, 275, 276, 277, 278, 279, 280, 281, 282, 283, 284, 285, 286, 287, 290, 291, 292, 293, 294, 298, 299, 300, 301, 304, 306, 307, 322, 327, 328, 332, 337, 338, 343, 344, 345, 346, 347, 351, 352, 353, 354, 355, 356, 360, 361, 364, 365, 370, 374, 375, 379, 380, 384, 385, 386, 387, 388, 389, 393, 396, 400, 402, 403, 404, 405, 406, 407, 408, 409, 410, 411, 412, 413, 414, 415, 417, 419, 420, 421, 423, 424, 425, 428, 429, 436, 437, 442, 443, 444, 451, 455, 456, 457, 458, 459, 471, 476, 481, 482, 486, 487, 491, 492, 503, 504, 505, 506, 512, 513, 514, 515, 516, 517, 518, 519, 520, 521, 529, 530, 533, 534, 535, 536, 541, 544, 545, 546, 547, 550, 552, 553, 558, 559, 560, 563, 564, 565, 566, 567, 569, 570, 571, 572, 573, 574, 579, 580, 583, 584, 585, 586, 587, 588, 589, 593, 594, 600, 606, 607, 608, 609, 610, 611, 613, 614, 620, 621, 622, 626, 629, 632, 660, 662, 668, 671, 672, 673, 676, 678, 679, 680, 681, 686, 687, 688, 691, 693, 694, 696, 697, 698, 699, 705, 706, 709, 710, 711, 712, 713, 714, 715, 718, 720, 721], "summary": {"covered_lines": 321, "num_statements": 388, "percent_covered": 82.73195876288659, "percent_covered_display": "83", "missing_lines": 67, "excluded_lines": 3, "percent_statements_covered": 82.73195876288659, "percent_statements_covered_display": "83"}, "missing_lines": [121, 136, 173, 177, 179, 199, 236, 246, 269, 295, 312, 313, 318, 323, 333, 339, 366, 401, 416, 418, 422, 438, 460, 467, 472, 477, 499, 500, 507, 508, 509, 554, 561, 562, 568, 575, 576, 591, 592, 623, 624, 627, 628, 634, 635, 636, 637, 638, 639, 640, 641, 642, 643, 644, 645, 646, 647, 648, 649, 650, 651, 652, 653, 655, 656, 657, 695], "excluded_lines": [555, 556, 557], "functions": {"ArtifactError.__init__": {"executed_lines": [104, 105], "summary": {"covered_lines": 2, "num_statements": 2, "percent_covered": 100.0, "percent_covered_display": "100", "missing_lines": 0, "excluded_lines": 0, "percent_statements_covered": 100.0, "percent_statements_covered_display": "100"}, "missing_lines": [], "excluded_lines": [], "start_line": 103}, "ArtifactRecord.__post_init__": {"executed_lines": [120], "summary": {"covered_lines": 1, "num_statements": 2, "percent_covered": 50.0, "percent_covered_display": "50", "missing_lines": 1, "excluded_lines": 0, "percent_statements_covered": 50.0, "percent_statements_covered_display": "50"}, "missing_lines": [121], "excluded_lines": [], "start_line": 118}, "ArtifactRecord.to_json_dict": {"executed_lines": [125], "summary": {"covered_lines": 1, "num_statements": 1, "percent_covered": 100.0, "percent_covered_display": "100", "missing_lines": 0, "excluded_lines": 0, "percent_statements_covered": 100.0, "percent_statements_covered_display": "100"}, "missing_lines": [], "excluded_lines": [], "start_line": 123}, "process_secrets": {"executed_lines": [], "summary": {"covered_lines": 0, "num_statements": 1, "percent_covered": 0.0, "percent_covered_display": "0", "missing_lines": 1, "excluded_lines": 0, "percent_statements_covered": 0.0, "percent_statements_covered_display": "0"}, "missing_lines": [136], "excluded_lines": [], "start_line": 134}, "redact": {"executed_lines": [145, 146, 147, 148, 149, 150, 151, 152, 153, 154, 155, 156], "summary": {"covered_lines": 12, "num_statements": 12, "percent_covered": 100.0, "percent_covered_display": "100", "missing_lines": 0, "excluded_lines": 0, "percent_statements_covered": 100.0, "percent_statements_covered_display": "100"}, "missing_lines": [], "excluded_lines": [], "start_line": 143}, "ArtifactStore.__init__": {"executed_lines": [170, 171, 172, 176, 178, 182, 183, 186, 187, 188, 189, 190, 191], "summary": {"covered_lines": 13, "num_statements": 16, "percent_covered": 81.25, "percent_covered_display": "81", "missing_lines": 3, "excluded_lines": 0, "percent_statements_covered": 81.25, "percent_statements_covered_display": "81"}, "missing_lines": [173, 177, 179], "excluded_lines": [], "start_line": 162}, "ArtifactStore.records": {"executed_lines": [195], "summary": {"covered_lines": 1, "num_statements": 1, "percent_covered": 100.0, "percent_covered_display": "100", "missing_lines": 0, "excluded_lines": 0, "percent_statements_covered": 100.0, "percent_statements_covered_display": "100"}, "missing_lines": [], "excluded_lines": [], "start_line": 193}, "ArtifactStore.finalized": {"executed_lines": [], "summary": {"covered_lines": 0, "num_statements": 1, "percent_covered": 0.0, "percent_covered_display": "0", "missing_lines": 1, "excluded_lines": 0, "percent_statements_covered": 0.0, "percent_statements_covered_display": "0"}, "missing_lines": [199], "excluded_lines": [], "start_line": 198}, "ArtifactStore.write": {"executed_lines": [203, 204, 205, 206, 207, 208, 209, 216, 217, 218], "summary": {"covered_lines": 10, "num_statements": 10, "percent_covered": 100.0, "percent_covered_display": "100", "missing_lines": 0, "excluded_lines": 0, "percent_statements_covered": 100.0, "percent_statements_covered_display": "100"}, "missing_lines": [], "excluded_lines": [], "start_line": 201}, "ArtifactStore.render_bytes": {"executed_lines": [222, 223, 224, 225, 226, 227, 228, 231], "summary": {"covered_lines": 8, "num_statements": 8, "percent_covered": 100.0, "percent_covered_display": "100", "missing_lines": 0, "excluded_lines": 0, "percent_statements_covered": 100.0, "percent_statements_covered_display": "100"}, "missing_lines": [], "excluded_lines": [], "start_line": 220}, "ArtifactStore.finalize": {"executed_lines": [235, 237, 238, 244, 245, 250, 251, 252, 253], "summary": {"covered_lines": 9, "num_statements": 11, "percent_covered": 81.81818181818181, "percent_covered_display": "82", "missing_lines": 2, "excluded_lines": 0, "percent_statements_covered": 81.81818181818181, "percent_statements_covered_display": "82"}, "missing_lines": [236, 246], "excluded_lines": [], "start_line": 233}, "ArtifactStore._render": {"executed_lines": [256, 257, 258, 259, 260, 266, 267, 268, 271, 272, 273, 274, 275, 276, 277, 278, 279, 280, 281, 282, 283, 284, 285, 286, 287, 290, 291, 292, 293, 294, 298, 299, 300, 301], "summary": {"covered_lines": 34, "num_statements": 36, "percent_covered": 94.44444444444444, "percent_covered_display": "94", "missing_lines": 2, "excluded_lines": 0, "percent_statements_covered": 94.44444444444444, "percent_statements_covered_display": "94"}, "missing_lines": [269, 295], "excluded_lines": [], "start_line": 255}, "verify_artifacts": {"executed_lines": [306, 307, 322, 327, 328, 332, 337, 338, 343, 344, 345, 346, 347, 351, 352, 353, 354, 355, 356, 360, 361, 364, 365, 370, 374, 375, 379, 380, 384, 385, 386, 387, 388, 389, 393], "summary": {"covered_lines": 35, "num_statements": 42, "percent_covered": 83.33333333333333, "percent_covered_display": "83", "missing_lines": 7, "excluded_lines": 0, "percent_statements_covered": 83.33333333333333, "percent_statements_covered_display": "83"}, "missing_lines": [312, 313, 318, 323, 333, 339, 366], "excluded_lines": [], "start_line": 304}, "read_artifact_bytes": {"executed_lines": [400, 402, 403, 404, 405, 406, 407, 408, 409, 410, 411, 412, 413, 414, 415, 417, 419, 420, 421, 423, 424, 425], "summary": {"covered_lines": 22, "num_statements": 26, "percent_covered": 84.61538461538461, "percent_covered_display": "85", "missing_lines": 4, "excluded_lines": 0, "percent_statements_covered": 84.61538461538461, "percent_statements_covered_display": "85"}, "missing_lines": [401, 416, 418, 422], "excluded_lines": [], "start_line": 396}, "_artifact_size_limit": {"executed_lines": [429], "summary": {"covered_lines": 1, "num_statements": 1, "percent_covered": 100.0, "percent_covered_display": "100", "missing_lines": 0, "excluded_lines": 0, "percent_statements_covered": 100.0, "percent_statements_covered_display": "100"}, "missing_lines": [], "excluded_lines": [], "start_line": 428}, "_record": {"executed_lines": [437, 442, 443, 444, 451, 455, 456, 457, 458, 459, 471, 476, 481, 482, 486, 487, 491, 492], "summary": {"covered_lines": 18, "num_statements": 25, "percent_covered": 72.0, "percent_covered_display": "72", "missing_lines": 7, "excluded_lines": 0, "percent_statements_covered": 72.0, "percent_statements_covered_display": "72"}, "missing_lines": [438, 460, 467, 472, 477, 499, 500], "excluded_lines": [], "start_line": 436}, "_manifest_entry_path": {"executed_lines": [504, 505, 506], "summary": {"covered_lines": 3, "num_statements": 6, "percent_covered": 50.0, "percent_covered_display": "50", "missing_lines": 3, "excluded_lines": 0, "percent_statements_covered": 50.0, "percent_statements_covered_display": "50"}, "missing_lines": [507, 508, 509], "excluded_lines": [], "start_line": 503}, "_relative_name": {"executed_lines": [513, 514, 515, 516, 517, 518, 519, 520, 521, 529, 530], "summary": {"covered_lines": 11, "num_statements": 11, "percent_covered": 100.0, "percent_covered_display": "100", "missing_lines": 0, "excluded_lines": 0, "percent_statements_covered": 100.0, "percent_statements_covered_display": "100"}, "missing_lines": [], "excluded_lines": [], "start_line": 512}, "_reject_credential_name": {"executed_lines": [534, 535, 536, 541], "summary": {"covered_lines": 4, "num_statements": 4, "percent_covered": 100.0, "percent_covered_display": "100", "missing_lines": 0, "excluded_lines": 0, "percent_statements_covered": 100.0, "percent_statements_covered_display": "100"}, "missing_lines": [], "excluded_lines": [], "start_line": 533}, "_reject_secret_content": {"executed_lines": [545, 546, 547], "summary": {"covered_lines": 3, "num_statements": 3, "percent_covered": 100.0, "percent_covered_display": "100", "missing_lines": 0, "excluded_lines": 0, "percent_statements_covered": 100.0, "percent_statements_covered_display": "100"}, "missing_lines": [], "excluded_lines": [], "start_line": 544}, "_atomic_write": {"executed_lines": [552, 553, 558, 559, 560, 563, 564, 565, 566, 567, 569, 570, 571, 572, 573, 574, 579, 580, 583, 584, 585, 586, 587, 588, 589, 593, 594, 600, 606, 607, 608, 609, 610, 611, 613, 614, 620, 621, 622, 626, 629], "summary": {"covered_lines": 41, "num_statements": 53, "percent_covered": 77.35849056603773, "percent_covered_display": "77", "missing_lines": 12, "excluded_lines": 3, "percent_statements_covered": 77.35849056603773, "percent_statements_covered_display": "77"}, "missing_lines": [554, 561, 562, 568, 575, 576, 591, 592, 623, 624, 627, 628], "excluded_lines": [555, 556, 557], "start_line": 550}, "_portable_atomic_write": {"executed_lines": [], "summary": {"covered_lines": 0, "num_statements": 23, "percent_covered": 0.0, "percent_covered_display": "0", "missing_lines": 23, "excluded_lines": 0, "percent_statements_covered": 0.0, "percent_statements_covered_display": "0"}, "missing_lines": [634, 635, 636, 637, 638, 639, 640, 641, 642, 643, 644, 645, 646, 647, 648, 649, 650, 651, 652, 653, 655, 656, 657], "excluded_lines": [], "start_line": 632}, "canonical_json_bytes": {"executed_lines": [662], "summary": {"covered_lines": 1, "num_statements": 1, "percent_covered": 100.0, "percent_covered_display": "100", "missing_lines": 0, "excluded_lines": 0, "percent_statements_covered": 100.0, "percent_statements_covered_display": "100"}, "missing_lines": [], "excluded_lines": [], "start_line": 660}, "sha256_bytes": {"executed_lines": [671, 672, 673], "summary": {"covered_lines": 3, "num_statements": 3, "percent_covered": 100.0, "percent_covered_display": "100", "missing_lines": 0, "excluded_lines": 0, "percent_statements_covered": 100.0, "percent_statements_covered_display": "100"}, "missing_lines": [], "excluded_lines": [], "start_line": 668}, "validation_failure_signature": {"executed_lines": [678, 679, 680, 681, 686, 687, 688], "summary": {"covered_lines": 7, "num_statements": 7, "percent_covered": 100.0, "percent_covered_display": "100", "missing_lines": 0, "excluded_lines": 0, "percent_statements_covered": 100.0, "percent_statements_covered_display": "100"}, "missing_lines": [], "excluded_lines": [], "start_line": 676}, "validation_junit_counts": {"executed_lines": [693, 694, 696, 697, 698, 699, 705, 706], "summary": {"covered_lines": 8, "num_statements": 9, "percent_covered": 88.88888888888889, "percent_covered_display": "89", "missing_lines": 1, "excluded_lines": 0, "percent_statements_covered": 88.88888888888889, "percent_statements_covered_display": "89"}, "missing_lines": [695], "excluded_lines": [], "start_line": 691}, "_validation_junit_summary": {"executed_lines": [710, 711, 712, 713, 714, 715], "summary": {"covered_lines": 6, "num_statements": 6, "percent_covered": 100.0, "percent_covered_display": "100", "missing_lines": 0, "excluded_lines": 0, "percent_statements_covered": 100.0, "percent_statements_covered_display": "100"}, "missing_lines": [], "excluded_lines": [], "start_line": 709}, "_is_dependency_failure": {"executed_lines": [720, 721], "summary": {"covered_lines": 2, "num_statements": 2, "percent_covered": 100.0, "percent_covered_display": "100", "missing_lines": 0, "excluded_lines": 0, "percent_statements_covered": 100.0, "percent_statements_covered_display": "100"}, "missing_lines": [], "excluded_lines": [], "start_line": 718}, "": {"executed_lines": [14, 16, 17, 18, 19, 20, 21, 22, 23, 24, 25, 26, 28, 31, 32, 33, 34, 38, 60, 64, 65, 66, 67, 71, 83, 85, 97, 100, 103, 108, 109, 112, 113, 114, 115, 116, 118, 123, 134, 143, 159, 162, 193, 197, 198, 201, 220, 233, 255, 304, 396, 428, 436, 503, 512, 533, 544, 550, 632, 660, 668, 676, 691, 709, 718], "summary": {"covered_lines": 65, "num_statements": 65, "percent_covered": 100.0, "percent_covered_display": "100", "missing_lines": 0, "excluded_lines": 0, "percent_statements_covered": 100.0, "percent_statements_covered_display": "100"}, "missing_lines": [], "excluded_lines": [], "start_line": 1}}, "classes": {"ArtifactError": {"executed_lines": [104, 105], "summary": {"covered_lines": 2, "num_statements": 2, "percent_covered": 100.0, "percent_covered_display": "100", "missing_lines": 0, "excluded_lines": 0, "percent_statements_covered": 100.0, "percent_statements_covered_display": "100"}, "missing_lines": [], "excluded_lines": [], "start_line": 100}, "ArtifactRecord": {"executed_lines": [120, 125], "summary": {"covered_lines": 2, "num_statements": 3, "percent_covered": 66.66666666666667, "percent_covered_display": "67", "missing_lines": 1, "excluded_lines": 0, "percent_statements_covered": 66.66666666666667, "percent_statements_covered_display": "67"}, "missing_lines": [121], "excluded_lines": [], "start_line": 109}, "ArtifactStore": {"executed_lines": [170, 171, 172, 176, 178, 182, 183, 186, 187, 188, 189, 190, 191, 195, 203, 204, 205, 206, 207, 208, 209, 216, 217, 218, 222, 223, 224, 225, 226, 227, 228, 231, 235, 237, 238, 244, 245, 250, 251, 252, 253, 256, 257, 258, 259, 260, 266, 267, 268, 271, 272, 273, 274, 275, 276, 277, 278, 279, 280, 281, 282, 283, 284, 285, 286, 287, 290, 291, 292, 293, 294, 298, 299, 300, 301], "summary": {"covered_lines": 75, "num_statements": 83, "percent_covered": 90.36144578313252, "percent_covered_display": "90", "missing_lines": 8, "excluded_lines": 0, "percent_statements_covered": 90.36144578313252, "percent_statements_covered_display": "90"}, "missing_lines": [173, 177, 179, 199, 236, 246, 269, 295], "excluded_lines": [], "start_line": 159}, "": {"executed_lines": [14, 16, 17, 18, 19, 20, 21, 22, 23, 24, 25, 26, 28, 31, 32, 33, 34, 38, 60, 64, 65, 66, 67, 71, 83, 85, 97, 100, 103, 108, 109, 112, 113, 114, 115, 116, 118, 123, 134, 143, 145, 146, 147, 148, 149, 150, 151, 152, 153, 154, 155, 156, 159, 162, 193, 197, 198, 201, 220, 233, 255, 304, 306, 307, 322, 327, 328, 332, 337, 338, 343, 344, 345, 346, 347, 351, 352, 353, 354, 355, 356, 360, 361, 364, 365, 370, 374, 375, 379, 380, 384, 385, 386, 387, 388, 389, 393, 396, 400, 402, 403, 404, 405, 406, 407, 408, 409, 410, 411, 412, 413, 414, 415, 417, 419, 420, 421, 423, 424, 425, 428, 429, 436, 437, 442, 443, 444, 451, 455, 456, 457, 458, 459, 471, 476, 481, 482, 486, 487, 491, 492, 503, 504, 505, 506, 512, 513, 514, 515, 516, 517, 518, 519, 520, 521, 529, 530, 533, 534, 535, 536, 541, 544, 545, 546, 547, 550, 552, 553, 558, 559, 560, 563, 564, 565, 566, 567, 569, 570, 571, 572, 573, 574, 579, 580, 583, 584, 585, 586, 587, 588, 589, 593, 594, 600, 606, 607, 608, 609, 610, 611, 613, 614, 620, 621, 622, 626, 629, 632, 660, 662, 668, 671, 672, 673, 676, 678, 679, 680, 681, 686, 687, 688, 691, 693, 694, 696, 697, 698, 699, 705, 706, 709, 710, 711, 712, 713, 714, 715, 718, 720, 721], "summary": {"covered_lines": 242, "num_statements": 300, "percent_covered": 80.66666666666667, "percent_covered_display": "81", "missing_lines": 58, "excluded_lines": 3, "percent_statements_covered": 80.66666666666667, "percent_statements_covered_display": "81"}, "missing_lines": [136, 312, 313, 318, 323, 333, 339, 366, 401, 416, 418, 422, 438, 460, 467, 472, 477, 499, 500, 507, 508, 509, 554, 561, 562, 568, 575, 576, 591, 592, 623, 624, 627, 628, 634, 635, 636, 637, 638, 639, 640, 641, 642, 643, 644, 645, 646, 647, 648, 649, 650, 651, 652, 653, 655, 656, 657, 695], "excluded_lines": [555, 556, 557], "start_line": 1}}}, "src/attest/benchmark/baselines.py": {"executed_lines": [32, 34, 35, 36, 37, 38, 39, 40, 41, 42, 43, 44, 45, 46, 48, 62, 71, 77, 87, 88, 115, 122, 123, 124, 125, 132, 134, 135, 136, 137, 138, 139, 140, 161, 172, 188, 189, 191, 192, 193, 196, 197, 200, 201, 202, 203, 206, 207, 210, 211, 212, 213, 214, 215, 216, 217, 218, 219, 220, 221, 222, 223, 224, 225, 226, 227, 230, 234, 235, 238, 239, 241, 245, 246, 249, 250, 251, 252, 253, 254, 255, 256, 257, 258, 259, 260, 261, 262, 263, 264, 266, 289, 290, 293, 294, 295, 296, 297, 298, 299, 300, 301, 302, 303, 304, 306, 307, 324, 325, 328, 329, 330, 331, 332, 333, 334, 335, 338, 339, 342, 343, 344, 345, 348, 349, 352, 353, 354, 355, 356, 357, 358, 359, 360, 363, 364, 367, 368, 370, 371, 372, 375, 382, 383, 386, 387, 390, 391, 394, 395, 396, 398, 399, 400, 402, 403, 406, 407, 408, 411, 414, 417, 418, 419, 420, 421, 422, 424, 425, 427, 428, 429, 431, 432, 433, 435, 436, 437, 439, 440, 441, 443, 445, 454, 457, 458, 459, 460, 461, 464, 467, 468, 470, 471, 475, 477, 486, 490, 495, 498, 499, 500, 502, 505, 507, 508, 509, 510, 511, 512, 513, 514, 519, 522, 525, 526, 527, 528, 529, 530, 531, 532, 533, 534, 535, 536, 537, 538, 539, 540, 543, 546, 547, 548, 549, 550, 554, 555, 556, 557, 560, 565, 566, 567, 569, 570, 571, 573, 574, 575, 576, 577, 580, 583, 590, 591, 592, 593, 594, 595, 596, 598, 599, 601, 602, 608, 617, 618, 619, 623, 624, 625, 628, 629, 634, 637, 640, 641, 643, 651, 652, 653, 654, 655, 660, 661, 664, 665, 677, 680, 681, 682, 692, 693, 694, 696, 697, 698, 706, 723, 735, 753, 761, 768, 769, 770, 772, 780, 781, 782, 783, 788, 789, 790, 791, 809, 811, 812, 815, 817, 818, 819, 820, 821, 836, 837, 854, 855, 873, 876, 879, 884, 885, 888, 889, 903, 905, 906, 907, 908, 909, 910, 913, 915, 916, 921, 922, 924, 925, 926, 928, 931, 934, 958, 959, 960, 961, 965, 967, 968, 972, 976, 980, 987, 990, 991, 992, 995, 996, 1000, 1002, 1003, 1007, 1008, 1009, 1010, 1011, 1012, 1013, 1014, 1015, 1016, 1017, 1024, 1029, 1030, 1036, 1037, 1050, 1084, 1085, 1086, 1092, 1093, 1094, 1100, 1106, 1107, 1119, 1120, 1124, 1137, 1140, 1141, 1142, 1143, 1150, 1151, 1152, 1157, 1158, 1159, 1166, 1167, 1172, 1173, 1174, 1180, 1185, 1186, 1189, 1201, 1205, 1206, 1207, 1208, 1220, 1228, 1239, 1240, 1242, 1243, 1250, 1251, 1252, 1258, 1263, 1273, 1279, 1280, 1286, 1291, 1302, 1306, 1307, 1316, 1322, 1325, 1326, 1327, 1328, 1329, 1330, 1331, 1332, 1333, 1334, 1335, 1336, 1337, 1338, 1343, 1344, 1348, 1349, 1350, 1351, 1354, 1357, 1358, 1359, 1366, 1377, 1384, 1385, 1386, 1397, 1403, 1409, 1410, 1411, 1416, 1421, 1422, 1423, 1424, 1425, 1431, 1432, 1433, 1434, 1435, 1436, 1438, 1442, 1447, 1448, 1455, 1456, 1457, 1458, 1459, 1460, 1464, 1468, 1469, 1470, 1471, 1472, 1477, 1478, 1479, 1484, 1485, 1489, 1490, 1491, 1492, 1493, 1503, 1504, 1505, 1506, 1507, 1512, 1513, 1516, 1517, 1518, 1519, 1520, 1521, 1522, 1525, 1526, 1527, 1528, 1529, 1530, 1533, 1538, 1545, 1552, 1553, 1554, 1555, 1558, 1561, 1564, 1565, 1566, 1567, 1568, 1572, 1579, 1580, 1583, 1586, 1587, 1588, 1591, 1592, 1595, 1606, 1609, 1612, 1613, 1616, 1617, 1622, 1625, 1631, 1632, 1647, 1650, 1651, 1654, 1657, 1658, 1659, 1660, 1675, 1681, 1682, 1683, 1684, 1691, 1694, 1700, 1710, 1715, 1716, 1724, 1725, 1728, 1731, 1734, 1744, 1745, 1746, 1751, 1752, 1760, 1766, 1767, 1776, 1777, 1786, 1787, 1788, 1795, 1796, 1805, 1817, 1827, 1828, 1829, 1832, 1833, 1834, 1835, 1837, 1838, 1839, 1840, 1849, 1858, 1865, 1866, 1867, 1868, 1869, 1870, 1874, 1875, 1879, 1881, 1882, 1886, 1887, 1891, 1892, 1896, 1898, 1899, 1900, 1901, 1904, 1913, 1916, 1917, 1918, 1919, 1920, 1921, 1922, 1928, 1934, 1935, 1936, 1940, 1941, 1944, 1945, 1946, 1947, 1948, 1952, 1962, 1968, 1969, 1970, 1971, 1976, 1977, 1986, 1987, 1988, 1989, 1990, 1994, 1997, 1999, 2000, 2004, 2013, 2017, 2021, 2022, 2023, 2024, 2025, 2035, 2036, 2040, 2051, 2064, 2072, 2073, 2074, 2078, 2079, 2089, 2091, 2098, 2099, 2106, 2117, 2124, 2128, 2129, 2132, 2141, 2142, 2145, 2148, 2149, 2150, 2154, 2155, 2156, 2160, 2161, 2164, 2167, 2182, 2187, 2188, 2192, 2193, 2194, 2197, 2198, 2199, 2200, 2201, 2202, 2203, 2204, 2207, 2208, 2212, 2216, 2219, 2220, 2223, 2229, 2230, 2233, 2236, 2237, 2238, 2239, 2240, 2245, 2246, 2247, 2251, 2254, 2255, 2259, 2260, 2268, 2269, 2272, 2273, 2276, 2293, 2297, 2300, 2301, 2302, 2309, 2321, 2326, 2334, 2340, 2341, 2349, 2360, 2363, 2366, 2376, 2387, 2395, 2399, 2400, 2413, 2422, 2423, 2424, 2425, 2426, 2430, 2441, 2444, 2454, 2455, 2459, 2468, 2469, 2470, 2471, 2472, 2473, 2474, 2476, 2479, 2480, 2487, 2491, 2492, 2504, 2511, 2517, 2522, 2542, 2543, 2544, 2545, 2549, 2553, 2556, 2562, 2575, 2576, 2577, 2578, 2581, 2585, 2586, 2587, 2588, 2589, 2590, 2591, 2592, 2593, 2594, 2595, 2626, 2627, 2628, 2629, 2630, 2631, 2632, 2633, 2638, 2647, 2648, 2649, 2653, 2654, 2655, 2656, 2660, 2661, 2662, 2663, 2664, 2665, 2666, 2667, 2672, 2685, 2686, 2690, 2691, 2692, 2697, 2701, 2702, 2703, 2712, 2721, 2732, 2733, 2746, 2749, 2755, 2756, 2757, 2758, 2763, 2764, 2766, 2767, 2769, 2771, 2772, 2779, 2780, 2781, 2782, 2785, 2786, 2793, 2794, 2801, 2802, 2803, 2806, 2807, 2808, 2810, 2811, 2812, 2815, 2819, 2820, 2823, 2824, 2825, 2829, 2830, 2834, 2841, 2844, 2845, 2853, 2854, 2861, 2862, 2866, 2867, 2868, 2869, 2870, 2873, 2874, 2881, 2882, 2886, 2887, 2890, 2894, 2895, 2896, 2897, 2900, 2901, 2902, 2907, 2908, 2909, 2912, 2913, 2914, 2917, 2927, 2928, 2934, 2935, 2936, 2937, 2941, 2950, 2951, 2952, 2953, 2960, 2961, 2962, 2964, 2965, 2973, 2975, 2976, 2984, 2985, 2990, 2996, 2998, 2999, 3000, 3010, 3011, 3018, 3035, 3036, 3037, 3038, 3044, 3047, 3058, 3059, 3060, 3066, 3072, 3077, 3082, 3086, 3087, 3088, 3089, 3093, 3102, 3118, 3119, 3120, 3121, 3128, 3129, 3130, 3131, 3132, 3133, 3135, 3136, 3144, 3146, 3147, 3161, 3162, 3163, 3164, 3170, 3176, 3182, 3184, 3187, 3188, 3189, 3190, 3191, 3192, 3193, 3203, 3206, 3207, 3208, 3209, 3213, 3222, 3237, 3244, 3245, 3246, 3251, 3255, 3262, 3269, 3270, 3271, 3276, 3280, 3283, 3284, 3289, 3290, 3291, 3292, 3293, 3294, 3310, 3312, 3313, 3315, 3316, 3330, 3338, 3339, 3346, 3347, 3349, 3352, 3353, 3354, 3355, 3356, 3357, 3359, 3360, 3362, 3365, 3373, 3381, 3384, 3387, 3390, 3392, 3393, 3394, 3396, 3397, 3399, 3400, 3401, 3402, 3405, 3406, 3407, 3408, 3409, 3412, 3415, 3416, 3417, 3418, 3421, 3426, 3427, 3430, 3433, 3442, 3454, 3455, 3456, 3457, 3458, 3460, 3461, 3462, 3463, 3465, 3466, 3468, 3470, 3484, 3489, 3490, 3491, 3493, 3494, 3495, 3496, 3497, 3498, 3499, 3501, 3502, 3503, 3504, 3505, 3507, 3508, 3514, 3515, 3516, 3520, 3521, 3524, 3525, 3526, 3527, 3530, 3531, 3533, 3534, 3535, 3540, 3541, 3542, 3543, 3545, 3546, 3547, 3548, 3550, 3551, 3571, 3585, 3598, 3599, 3604, 3605, 3606, 3607, 3608, 3609, 3610, 3611, 3612, 3624, 3627, 3631, 3632, 3633, 3634, 3635, 3636, 3637, 3638, 3639, 3640, 3660, 3674, 3692, 3693, 3696, 3697, 3700], "summary": {"covered_lines": 1193, "num_statements": 1389, "percent_covered": 85.88912886969042, "percent_covered_display": "86", "missing_lines": 196, "excluded_lines": 12, "percent_statements_covered": 85.88912886969042, "percent_statements_covered_display": "86"}, "missing_lines": [242, 267, 378, 384, 388, 392, 404, 442, 472, 487, 501, 515, 516, 517, 518, 620, 668, 669, 670, 695, 807, 808, 810, 813, 814, 816, 890, 891, 892, 895, 899, 904, 914, 923, 927, 966, 969, 973, 977, 1001, 1004, 1020, 1021, 1103, 1153, 1364, 1365, 1372, 1395, 1396, 1412, 1413, 1426, 1427, 1437, 1439, 1443, 1473, 1474, 1480, 1481, 1486, 1498, 1508, 1509, 1569, 1603, 1618, 1619, 1667, 1668, 1669, 1670, 1685, 1686, 1690, 1695, 1747, 1755, 1756, 1761, 1780, 1781, 1789, 1790, 1791, 1797, 1798, 1799, 1800, 1801, 1810, 1811, 1812, 1813, 1923, 1924, 1931, 1972, 1991, 2001, 2018, 2032, 2037, 2045, 2085, 2086, 2090, 2095, 2103, 2121, 2125, 2138, 2151, 2157, 2179, 2189, 2209, 2256, 2290, 2294, 2305, 2306, 2318, 2357, 2427, 2456, 2488, 2500, 2501, 2514, 2518, 2546, 2582, 2622, 2644, 2650, 2657, 2682, 2687, 2698, 2709, 2718, 2726, 2727, 2729, 2754, 2762, 2765, 2768, 2770, 2778, 2809, 2816, 2826, 2831, 2835, 2836, 2837, 2838, 2857, 2858, 2863, 2871, 2872, 2877, 2878, 2883, 2938, 2997, 3015, 3083, 3090, 3103, 3104, 3107, 3116, 3117, 3198, 3210, 3252, 3277, 3311, 3348, 3358, 3361, 3391, 3395, 3398, 3403, 3404, 3459, 3500, 3517, 3621, 3701], "excluded_lines": [1218, 1219, 2052, 2053, 2054, 2055, 2056, 2057, 2058, 2059, 2060, 2061], "functions": {"ArmAbstention.to_json_dict": {"executed_lines": [], "summary": {"covered_lines": 0, "num_statements": 1, "percent_covered": 0.0, "percent_covered_display": "0", "missing_lines": 1, "excluded_lines": 0, "percent_statements_covered": 0.0, "percent_statements_covered_display": "0"}, "missing_lines": [242], "excluded_lines": [], "start_line": 241}, "ArmAccuracy.to_json_dict": {"executed_lines": [], "summary": {"covered_lines": 0, "num_statements": 1, "percent_covered": 0.0, "percent_covered_display": "0", "missing_lines": 1, "excluded_lines": 0, "percent_statements_covered": 0.0, "percent_statements_covered_display": "0"}, "missing_lines": [267], "excluded_lines": [], "start_line": 266}, "ArmOperational.to_json_dict": {"executed_lines": [307], "summary": {"covered_lines": 1, "num_statements": 1, "percent_covered": 100.0, "percent_covered_display": "100", "missing_lines": 0, "excluded_lines": 0, "percent_statements_covered": 100.0, "percent_statements_covered_display": "100"}, "missing_lines": [], "excluded_lines": [], "start_line": 306}, "ComparisonExecution.__post_init__": {"executed_lines": [371, 372, 375], "summary": {"covered_lines": 3, "num_statements": 4, "percent_covered": 75.0, "percent_covered_display": "75", "missing_lines": 1, "excluded_lines": 0, "percent_statements_covered": 75.0, "percent_statements_covered_display": "75"}, "missing_lines": [378], "excluded_lines": [], "start_line": 370}, "ComparisonExecution.line_slack": {"executed_lines": [], "summary": {"covered_lines": 0, "num_statements": 1, "percent_covered": 0.0, "percent_covered_display": "0", "missing_lines": 1, "excluded_lines": 0, "percent_statements_covered": 0.0, "percent_statements_covered_display": "0"}, "missing_lines": [384], "excluded_lines": [], "start_line": 383}, "ComparisonExecution.budget_ceiling_usd": {"executed_lines": [], "summary": {"covered_lines": 0, "num_statements": 1, "percent_covered": 0.0, "percent_covered_display": "0", "missing_lines": 1, "excluded_lines": 0, "percent_statements_covered": 0.0, "percent_statements_covered_display": "0"}, "missing_lines": [388], "excluded_lines": [], "start_line": 387}, "ComparisonExecution.manifest_sha256": {"executed_lines": [], "summary": {"covered_lines": 0, "num_statements": 1, "percent_covered": 0.0, "percent_covered_display": "0", "missing_lines": 1, "excluded_lines": 0, "percent_statements_covered": 0.0, "percent_statements_covered_display": "0"}, "missing_lines": [392], "excluded_lines": [], "start_line": 391}, "ComparisonExecution.arms": {"executed_lines": [396], "summary": {"covered_lines": 1, "num_statements": 1, "percent_covered": 100.0, "percent_covered_display": "100", "missing_lines": 0, "excluded_lines": 0, "percent_statements_covered": 100.0, "percent_statements_covered_display": "100"}, "missing_lines": [], "excluded_lines": [], "start_line": 395}, "ComparisonExecution.runs": {"executed_lines": [400], "summary": {"covered_lines": 1, "num_statements": 1, "percent_covered": 100.0, "percent_covered_display": "100", "missing_lines": 0, "excluded_lines": 0, "percent_statements_covered": 100.0, "percent_statements_covered_display": "100"}, "missing_lines": [], "excluded_lines": [], "start_line": 399}, "ComparisonExecution.evaluated_case_ids": {"executed_lines": [], "summary": {"covered_lines": 0, "num_statements": 1, "percent_covered": 0.0, "percent_covered_display": "0", "missing_lines": 1, "excluded_lines": 0, "percent_statements_covered": 0.0, "percent_statements_covered_display": "0"}, "missing_lines": [404], "excluded_lines": [], "start_line": 403}, "ComparisonExecution.checkpoint_root": {"executed_lines": [408], "summary": {"covered_lines": 1, "num_statements": 1, "percent_covered": 100.0, "percent_covered_display": "100", "missing_lines": 0, "excluded_lines": 0, "percent_statements_covered": 100.0, "percent_statements_covered_display": "100"}, "missing_lines": [], "excluded_lines": [], "start_line": 407}, "_MeteredProvider.__init__": {"executed_lines": [417, 418, 419, 420, 421, 422, 424, 425], "summary": {"covered_lines": 8, "num_statements": 8, "percent_covered": 100.0, "percent_covered_display": "100", "missing_lines": 0, "excluded_lines": 0, "percent_statements_covered": 100.0, "percent_statements_covered_display": "100"}, "missing_lines": [], "excluded_lines": [], "start_line": 414}, "_MeteredProvider.calls": {"executed_lines": [429], "summary": {"covered_lines": 1, "num_statements": 1, "percent_covered": 100.0, "percent_covered_display": "100", "missing_lines": 0, "excluded_lines": 0, "percent_statements_covered": 100.0, "percent_statements_covered_display": "100"}, "missing_lines": [], "excluded_lines": [], "start_line": 428}, "_MeteredProvider.input_tokens": {"executed_lines": [433], "summary": {"covered_lines": 1, "num_statements": 1, "percent_covered": 100.0, "percent_covered_display": "100", "missing_lines": 0, "excluded_lines": 0, "percent_statements_covered": 100.0, "percent_statements_covered_display": "100"}, "missing_lines": [], "excluded_lines": [], "start_line": 432}, "_MeteredProvider.output_tokens": {"executed_lines": [437], "summary": {"covered_lines": 1, "num_statements": 1, "percent_covered": 100.0, "percent_covered_display": "100", "missing_lines": 0, "excluded_lines": 0, "percent_statements_covered": 100.0, "percent_statements_covered_display": "100"}, "missing_lines": [], "excluded_lines": [], "start_line": 436}, "_MeteredProvider.for_role": {"executed_lines": [440, 441, 443], "summary": {"covered_lines": 3, "num_statements": 4, "percent_covered": 75.0, "percent_covered_display": "75", "missing_lines": 1, "excluded_lines": 0, "percent_statements_covered": 75.0, "percent_statements_covered_display": "75"}, "missing_lines": [442], "excluded_lines": [], "start_line": 439}, "_MeteredProvider.sample": {"executed_lines": [454, 457, 458, 459, 460, 461], "summary": {"covered_lines": 6, "num_statements": 6, "percent_covered": 100.0, "percent_covered_display": "100", "missing_lines": 0, "excluded_lines": 0, "percent_statements_covered": 100.0, "percent_statements_covered_display": "100"}, "missing_lines": [], "excluded_lines": [], "start_line": 445}, "_LateBoundComparisonProvider.__init__": {"executed_lines": [468], "summary": {"covered_lines": 1, "num_statements": 1, "percent_covered": 100.0, "percent_covered_display": "100", "missing_lines": 0, "excluded_lines": 0, "percent_statements_covered": 100.0, "percent_statements_covered_display": "100"}, "missing_lines": [], "excluded_lines": [], "start_line": 467}, "_LateBoundComparisonProvider.bind": {"executed_lines": [471, 475], "summary": {"covered_lines": 2, "num_statements": 3, "percent_covered": 66.66666666666667, "percent_covered_display": "67", "missing_lines": 1, "excluded_lines": 0, "percent_statements_covered": 66.66666666666667, "percent_statements_covered_display": "67"}, "missing_lines": [472], "excluded_lines": [], "start_line": 470}, "_LateBoundComparisonProvider.sample": {"executed_lines": [486, 490], "summary": {"covered_lines": 2, "num_statements": 3, "percent_covered": 66.66666666666667, "percent_covered_display": "67", "missing_lines": 1, "excluded_lines": 0, "percent_statements_covered": 66.66666666666667, "percent_statements_covered_display": "67"}, "missing_lines": [487], "excluded_lines": [], "start_line": 477}, "_directory_identity": {"executed_lines": [499, 500, 502], "summary": {"covered_lines": 3, "num_statements": 4, "percent_covered": 75.0, "percent_covered_display": "75", "missing_lines": 1, "excluded_lines": 0, "percent_statements_covered": 75.0, "percent_statements_covered_display": "75"}, "missing_lines": [501], "excluded_lines": [], "start_line": 498}, "_open_absolute_directory": {"executed_lines": [507, 508, 509, 510, 511, 512, 513, 514, 519], "summary": {"covered_lines": 9, "num_statements": 13, "percent_covered": 69.23076923076923, "percent_covered_display": "69", "missing_lines": 4, "excluded_lines": 0, "percent_statements_covered": 69.23076923076923, "percent_statements_covered_display": "69"}, "missing_lines": [515, 516, 517, 518], "excluded_lines": [], "start_line": 505}, "_open_paid_checkpoint_directory_chain": {"executed_lines": [525, 526, 527, 528, 529, 530, 531, 532, 533, 534, 535, 536, 537, 538, 539, 540], "summary": {"covered_lines": 16, "num_statements": 16, "percent_covered": 100.0, "percent_covered_display": "100", "missing_lines": 0, "excluded_lines": 0, "percent_statements_covered": 100.0, "percent_statements_covered_display": "100"}, "missing_lines": [], "excluded_lines": [], "start_line": 522}, "_PaidCheckpointDirectoryLease.__init__": {"executed_lines": [547, 548, 549, 550], "summary": {"covered_lines": 4, "num_statements": 4, "percent_covered": 100.0, "percent_covered_display": "100", "missing_lines": 0, "excluded_lines": 0, "percent_statements_covered": 100.0, "percent_statements_covered_display": "100"}, "missing_lines": [], "excluded_lines": [], "start_line": 546}, "_PaidCheckpointDirectoryLease.is_unchanged": {"executed_lines": [555, 556, 557, 560, 565, 566, 567, 569, 570, 571], "summary": {"covered_lines": 10, "num_statements": 10, "percent_covered": 100.0, "percent_covered_display": "100", "missing_lines": 0, "excluded_lines": 0, "percent_statements_covered": 100.0, "percent_statements_covered_display": "100"}, "missing_lines": [], "excluded_lines": [], "start_line": 554}, "_PaidCheckpointDirectoryLease.close": {"executed_lines": [574, 575, 576, 577], "summary": {"covered_lines": 4, "num_statements": 4, "percent_covered": 100.0, "percent_covered_display": "100", "missing_lines": 0, "excluded_lines": 0, "percent_statements_covered": 100.0, "percent_statements_covered_display": "100"}, "missing_lines": [], "excluded_lines": [], "start_line": 573}, "_FailClosedCheckpointProvider.__init__": {"executed_lines": [590, 591, 592, 593, 594, 595, 596, 598, 599], "summary": {"covered_lines": 9, "num_statements": 9, "percent_covered": 100.0, "percent_covered_display": "100", "missing_lines": 0, "excluded_lines": 0, "percent_statements_covered": 100.0, "percent_statements_covered_display": "100"}, "missing_lines": [], "excluded_lines": [], "start_line": 583}, "_FailClosedCheckpointProvider.for_role": {"executed_lines": [602], "summary": {"covered_lines": 1, "num_statements": 1, "percent_covered": 100.0, "percent_covered_display": "100", "missing_lines": 0, "excluded_lines": 0, "percent_statements_covered": 100.0, "percent_statements_covered_display": "100"}, "missing_lines": [], "excluded_lines": [], "start_line": 601}, "_FailClosedCheckpointProvider.sample": {"executed_lines": [617, 618, 619, 623, 624, 625, 628, 629], "summary": {"covered_lines": 8, "num_statements": 9, "percent_covered": 88.88888888888889, "percent_covered_display": "89", "missing_lines": 1, "excluded_lines": 0, "percent_statements_covered": 88.88888888888889, "percent_statements_covered_display": "89"}, "missing_lines": [620], "excluded_lines": [], "start_line": 608}, "BarePromptBaseline.__init__": {"executed_lines": [640, 641], "summary": {"covered_lines": 2, "num_statements": 2, "percent_covered": 100.0, "percent_covered_display": "100", "missing_lines": 0, "excluded_lines": 0, "percent_statements_covered": 100.0, "percent_statements_covered_display": "100"}, "missing_lines": [], "excluded_lines": [], "start_line": 637}, "BarePromptBaseline.evaluate": {"executed_lines": [651, 652, 653, 654, 655, 660, 661, 664, 665, 677, 680, 681, 682, 692, 693, 694, 696, 697, 698, 706], "summary": {"covered_lines": 20, "num_statements": 24, "percent_covered": 83.33333333333333, "percent_covered_display": "83", "missing_lines": 4, "excluded_lines": 0, "percent_statements_covered": 83.33333333333333, "percent_statements_covered_display": "83"}, "missing_lines": [668, 669, 670, 695], "excluded_lines": [], "start_line": 643}, "BarePromptBaseline._deferred": {"executed_lines": [735], "summary": {"covered_lines": 1, "num_statements": 1, "percent_covered": 100.0, "percent_covered_display": "100", "missing_lines": 0, "excluded_lines": 0, "percent_statements_covered": 100.0, "percent_statements_covered_display": "100"}, "missing_lines": [], "excluded_lines": [], "start_line": 723}, "RuffBaseline.__init__": {"executed_lines": [768, 769, 770], "summary": {"covered_lines": 3, "num_statements": 3, "percent_covered": 100.0, "percent_covered_display": "100", "missing_lines": 0, "excluded_lines": 0, "percent_statements_covered": 100.0, "percent_statements_covered_display": "100"}, "missing_lines": [], "excluded_lines": [], "start_line": 761}, "RuffBaseline.evaluate": {"executed_lines": [780, 781, 782, 783, 788, 789, 790, 791, 809, 811, 812, 815, 817, 818, 819, 820, 821, 836, 837], "summary": {"covered_lines": 19, "num_statements": 25, "percent_covered": 76.0, "percent_covered_display": "76", "missing_lines": 6, "excluded_lines": 0, "percent_statements_covered": 76.0, "percent_statements_covered_display": "76"}, "missing_lines": [807, 808, 810, 813, 814, 816], "excluded_lines": [], "start_line": 772}, "RuffBaseline._deferred": {"executed_lines": [855], "summary": {"covered_lines": 1, "num_statements": 1, "percent_covered": 100.0, "percent_covered_display": "100", "missing_lines": 0, "excluded_lines": 0, "percent_statements_covered": 100.0, "percent_statements_covered_display": "100"}, "missing_lines": [], "excluded_lines": [], "start_line": 854}, "_manifest_truth": {"executed_lines": [876], "summary": {"covered_lines": 1, "num_statements": 1, "percent_covered": 100.0, "percent_covered_display": "100", "missing_lines": 0, "excluded_lines": 0, "percent_statements_covered": 100.0, "percent_statements_covered_display": "100"}, "missing_lines": [], "excluded_lines": [], "start_line": 873}, "_comparison_manifest_contract": {"executed_lines": [884, 885, 888, 889, 903, 905, 906, 907, 908, 909, 910, 913, 915, 916, 921, 922, 924, 925, 926, 928, 931], "summary": {"covered_lines": 21, "num_statements": 30, "percent_covered": 70.0, "percent_covered_display": "70", "missing_lines": 9, "excluded_lines": 0, "percent_statements_covered": 70.0, "percent_statements_covered_display": "70"}, "missing_lines": [890, 891, 892, 895, 899, 904, 914, 923, 927], "excluded_lines": [], "start_line": 879}, "compare_arms": {"executed_lines": [958, 959, 960, 961, 965, 967, 968, 972, 976, 980, 987, 990, 991, 992, 995, 996, 1000, 1002, 1003, 1007, 1008, 1009, 1010, 1011, 1012, 1013, 1014, 1015, 1016, 1017, 1024, 1029, 1030, 1036, 1037, 1050, 1084, 1085, 1086, 1092, 1093, 1094, 1100, 1106, 1107, 1119, 1120, 1124, 1137, 1140, 1141, 1142, 1143, 1150, 1151, 1152, 1157, 1158, 1159, 1166, 1167, 1172, 1173, 1174, 1180, 1185, 1186, 1189, 1201, 1205, 1206, 1207, 1208, 1220, 1228, 1239, 1240, 1242, 1243, 1250, 1251, 1252, 1258, 1263, 1273, 1279, 1280, 1286, 1291, 1302, 1306, 1307, 1316], "summary": {"covered_lines": 93, "num_statements": 103, "percent_covered": 90.29126213592232, "percent_covered_display": "90", "missing_lines": 10, "excluded_lines": 2, "percent_statements_covered": 90.29126213592232, "percent_statements_covered_display": "90"}, "missing_lines": [966, 969, 973, 977, 1001, 1004, 1020, 1021, 1103, 1153], "excluded_lines": [1218, 1219], "start_line": 934}, "_require_comparison_predeclaration": {"executed_lines": [1325, 1326, 1327, 1328, 1329, 1330, 1331, 1332, 1333, 1334, 1335, 1336, 1337, 1338, 1343, 1344, 1348, 1349, 1350, 1351], "summary": {"covered_lines": 20, "num_statements": 20, "percent_covered": 100.0, "percent_covered_display": "100", "missing_lines": 0, "excluded_lines": 0, "percent_statements_covered": 100.0, "percent_statements_covered_display": "100"}, "missing_lines": [], "excluded_lines": [], "start_line": 1322}, "_require_separate_outcome_root": {"executed_lines": [1357, 1358, 1359, 1366], "summary": {"covered_lines": 4, "num_statements": 7, "percent_covered": 57.142857142857146, "percent_covered_display": "57", "missing_lines": 3, "excluded_lines": 0, "percent_statements_covered": 57.142857142857146, "percent_statements_covered_display": "57"}, "missing_lines": [1364, 1365, 1372], "excluded_lines": [], "start_line": 1354}, "_require_separate_authority_root": {"executed_lines": [1384, 1385, 1386, 1397, 1403], "summary": {"covered_lines": 5, "num_statements": 7, "percent_covered": 71.42857142857143, "percent_covered_display": "71", "missing_lines": 2, "excluded_lines": 0, "percent_statements_covered": 71.42857142857143, "percent_statements_covered_display": "71"}, "missing_lines": [1395, 1396], "excluded_lines": [], "start_line": 1377}, "_comparison_checkpoint_has_evidence": {"executed_lines": [1410, 1411], "summary": {"covered_lines": 2, "num_statements": 4, "percent_covered": 50.0, "percent_covered_display": "50", "missing_lines": 2, "excluded_lines": 0, "percent_statements_covered": 50.0, "percent_statements_covered_display": "50"}, "missing_lines": [1412, 1413], "excluded_lines": [], "start_line": 1409}, "_require_no_symlink_paid_checkpoint_tree": {"executed_lines": [1421, 1431, 1432, 1433, 1434, 1435, 1436, 1438, 1442, 1447, 1448, 1455, 1456, 1457, 1458, 1459, 1460, 1464, 1468, 1469, 1470, 1471, 1472, 1477, 1478, 1479, 1484, 1485, 1489, 1490, 1491, 1492, 1493], "summary": {"covered_lines": 33, "num_statements": 42, "percent_covered": 78.57142857142857, "percent_covered_display": "79", "missing_lines": 9, "excluded_lines": 0, "percent_statements_covered": 78.57142857142857, "percent_statements_covered_display": "79"}, "missing_lines": [1437, 1439, 1443, 1473, 1474, 1480, 1481, 1486, 1498], "excluded_lines": [], "start_line": 1416}, "_require_no_symlink_paid_checkpoint_tree.existing_lstat": {"executed_lines": [1422, 1423, 1424, 1425], "summary": {"covered_lines": 4, "num_statements": 6, "percent_covered": 66.66666666666667, "percent_covered_display": "67", "missing_lines": 2, "excluded_lines": 0, "percent_statements_covered": 66.66666666666667, "percent_statements_covered_display": "67"}, "missing_lines": [1426, 1427], "excluded_lines": [], "start_line": 1421}, "_executable_digest": {"executed_lines": [1504, 1505, 1506, 1507], "summary": {"covered_lines": 4, "num_statements": 6, "percent_covered": 66.66666666666667, "percent_covered_display": "67", "missing_lines": 2, "excluded_lines": 0, "percent_statements_covered": 66.66666666666667, "percent_statements_covered_display": "67"}, "missing_lines": [1508, 1509], "excluded_lines": [], "start_line": 1503}, "_comparison_reconciliation_path": {"executed_lines": [1513], "summary": {"covered_lines": 1, "num_statements": 1, "percent_covered": 100.0, "percent_covered_display": "100", "missing_lines": 0, "excluded_lines": 0, "percent_statements_covered": 100.0, "percent_statements_covered_display": "100"}, "missing_lines": [], "excluded_lines": [], "start_line": 1512}, "_call_evidence_exists": {"executed_lines": [1517, 1518, 1519, 1520, 1521, 1522, 1525, 1526, 1527, 1528, 1529, 1530, 1533, 1538, 1545, 1552, 1553, 1554, 1555, 1558], "summary": {"covered_lines": 20, "num_statements": 20, "percent_covered": 100.0, "percent_covered_display": "100", "missing_lines": 0, "excluded_lines": 0, "percent_statements_covered": 100.0, "percent_statements_covered_display": "100"}, "missing_lines": [], "excluded_lines": [], "start_line": 1516}, "_prepare_comparison_reconciliation": {"executed_lines": [1564, 1565, 1566, 1567, 1568, 1572, 1579, 1580], "summary": {"covered_lines": 8, "num_statements": 9, "percent_covered": 88.88888888888889, "percent_covered_display": "89", "missing_lines": 1, "excluded_lines": 0, "percent_statements_covered": 88.88888888888889, "percent_statements_covered_display": "89"}, "missing_lines": [1569], "excluded_lines": [], "start_line": 1561}, "_read_comparison_reconciliation": {"executed_lines": [1586, 1587, 1588, 1591, 1592, 1595, 1606], "summary": {"covered_lines": 7, "num_statements": 8, "percent_covered": 87.5, "percent_covered_display": "88", "missing_lines": 1, "excluded_lines": 0, "percent_statements_covered": 87.5, "percent_statements_covered_display": "88"}, "missing_lines": [1603], "excluded_lines": [], "start_line": 1583}, "_paid_call_binding": {"executed_lines": [1612, 1613, 1616, 1617, 1622], "summary": {"covered_lines": 5, "num_statements": 7, "percent_covered": 71.42857142857143, "percent_covered_display": "71", "missing_lines": 2, "excluded_lines": 0, "percent_statements_covered": 71.42857142857143, "percent_statements_covered_display": "71"}, "missing_lines": [1618, 1619], "excluded_lines": [], "start_line": 1609}, "_settled_reconciliation_payload": {"executed_lines": [1631, 1632], "summary": {"covered_lines": 2, "num_statements": 2, "percent_covered": 100.0, "percent_covered_display": "100", "missing_lines": 0, "excluded_lines": 0, "percent_statements_covered": 100.0, "percent_statements_covered_display": "100"}, "missing_lines": [], "excluded_lines": [], "start_line": 1625}, "_verified_checkpoint_records": {"executed_lines": [1650, 1651], "summary": {"covered_lines": 2, "num_statements": 2, "percent_covered": 100.0, "percent_covered_display": "100", "missing_lines": 0, "excluded_lines": 0, "percent_statements_covered": 100.0, "percent_statements_covered_display": "100"}, "missing_lines": [], "excluded_lines": [], "start_line": 1647}, "_verified_checkpoint_snapshot": {"executed_lines": [1657, 1658, 1659, 1660], "summary": {"covered_lines": 4, "num_statements": 8, "percent_covered": 50.0, "percent_covered_display": "50", "missing_lines": 4, "excluded_lines": 0, "percent_statements_covered": 50.0, "percent_statements_covered_display": "50"}, "missing_lines": [1667, 1668, 1669, 1670], "excluded_lines": [], "start_line": 1654}, "_verify_existing_reconciliation": {"executed_lines": [1681, 1682, 1683, 1684, 1691, 1694], "summary": {"covered_lines": 6, "num_statements": 10, "percent_covered": 60.0, "percent_covered_display": "60", "missing_lines": 4, "excluded_lines": 0, "percent_statements_covered": 60.0, "percent_statements_covered_display": "60"}, "missing_lines": [1685, 1686, 1690, 1695], "excluded_lines": [], "start_line": 1675}, "_checkpointed_comparison_provider": {"executed_lines": [1710, 1715, 1716, 1724, 1725, 1728, 1731], "summary": {"covered_lines": 7, "num_statements": 7, "percent_covered": 100.0, "percent_covered_display": "100", "missing_lines": 0, "excluded_lines": 0, "percent_statements_covered": 100.0, "percent_statements_covered_display": "100"}, "missing_lines": [], "excluded_lines": [], "start_line": 1700}, "_fresh_checkpointed_comparison_provider": {"executed_lines": [1744, 1745, 1746, 1751, 1752, 1760, 1766, 1767, 1776, 1777, 1786, 1787, 1788, 1795, 1796, 1805, 1817, 1827, 1865, 1866, 1867, 1868, 1869, 1870, 1874, 1875, 1879, 1881, 1882, 1886, 1887, 1891, 1892, 1896, 1898, 1899, 1900, 1901], "summary": {"covered_lines": 38, "num_statements": 56, "percent_covered": 67.85714285714286, "percent_covered_display": "68", "missing_lines": 18, "excluded_lines": 0, "percent_statements_covered": 67.85714285714286, "percent_statements_covered_display": "68"}, "missing_lines": [1747, 1755, 1756, 1761, 1780, 1781, 1789, 1790, 1791, 1797, 1798, 1799, 1800, 1801, 1810, 1811, 1812, 1813], "excluded_lines": [], "start_line": 1734}, "_fresh_checkpointed_comparison_provider.marker_is_unchanged": {"executed_lines": [1828, 1829, 1832, 1833, 1834, 1835, 1837, 1838, 1839, 1840, 1849, 1858], "summary": {"covered_lines": 12, "num_statements": 12, "percent_covered": 100.0, "percent_covered_display": "100", "missing_lines": 0, "excluded_lines": 0, "percent_statements_covered": 100.0, "percent_statements_covered_display": "100"}, "missing_lines": [], "excluded_lines": [], "start_line": 1827}, "_settled_checkpoint_recovery": {"executed_lines": [1913, 1916, 1917, 1918, 1919, 1920, 1921, 1922, 1928, 1934, 1935, 1936, 1940, 1941, 1944, 1945, 1946, 1947, 1948, 1952], "summary": {"covered_lines": 20, "num_statements": 23, "percent_covered": 86.95652173913044, "percent_covered_display": "87", "missing_lines": 3, "excluded_lines": 0, "percent_statements_covered": 86.95652173913044, "percent_statements_covered_display": "87"}, "missing_lines": [1923, 1924, 1931], "excluded_lines": [], "start_line": 1904}, "_attach_comparison_reconciliation": {"executed_lines": [1968, 1969, 1970, 1971, 1976, 1977], "summary": {"covered_lines": 6, "num_statements": 7, "percent_covered": 85.71428571428571, "percent_covered_display": "86", "missing_lines": 1, "excluded_lines": 0, "percent_statements_covered": 85.71428571428571, "percent_statements_covered_display": "86"}, "missing_lines": [1972], "excluded_lines": [], "start_line": 1962}, "_settled_replay_limit": {"executed_lines": [1987, 1988, 1989, 1990, 1994], "summary": {"covered_lines": 5, "num_statements": 6, "percent_covered": 83.33333333333333, "percent_covered_display": "83", "missing_lines": 1, "excluded_lines": 0, "percent_statements_covered": 83.33333333333333, "percent_statements_covered_display": "83"}, "missing_lines": [1991], "excluded_lines": [], "start_line": 1986}, "validate_arm_run_reconciliation": {"executed_lines": [1999, 2000, 2004, 2013, 2017, 2021, 2022, 2023, 2024, 2025, 2035, 2036, 2040], "summary": {"covered_lines": 13, "num_statements": 18, "percent_covered": 72.22222222222223, "percent_covered_display": "72", "missing_lines": 5, "excluded_lines": 0, "percent_statements_covered": 72.22222222222223, "percent_statements_covered_display": "72"}, "missing_lines": [2001, 2018, 2032, 2037, 2045], "excluded_lines": [], "start_line": 1997}, "_VerificationOnlyComparisonProvider.sample": {"executed_lines": [], "summary": {"covered_lines": 0, "num_statements": 0, "percent_covered": 100.0, "percent_covered_display": "100", "missing_lines": 0, "excluded_lines": 1, "percent_statements_covered": 100.0, "percent_statements_covered_display": "100"}, "missing_lines": [], "excluded_lines": [2061], "start_line": 2052}, "validate_comparison_measurements": {"executed_lines": [2072, 2073, 2074, 2078, 2079, 2089, 2091, 2098, 2099, 2106, 2117, 2124, 2128, 2129, 2132, 2141, 2142, 2145, 2148, 2149, 2150, 2154, 2155, 2156, 2160, 2161, 2164, 2167, 2182, 2187, 2188, 2192, 2193, 2194, 2197, 2198, 2199, 2200, 2201, 2202, 2203, 2204, 2207, 2208, 2212, 2216, 2219, 2220, 2223, 2229, 2230, 2233, 2236, 2237, 2238, 2239, 2240, 2245, 2246, 2247, 2251, 2254, 2255, 2259, 2260, 2268, 2269, 2272, 2273, 2276, 2293, 2297, 2300, 2301, 2302, 2309, 2321, 2326, 2334, 2340, 2341, 2349, 2360], "summary": {"covered_lines": 83, "num_statements": 103, "percent_covered": 80.58252427184466, "percent_covered_display": "81", "missing_lines": 20, "excluded_lines": 0, "percent_statements_covered": 80.58252427184466, "percent_statements_covered_display": "81"}, "missing_lines": [2085, 2086, 2090, 2095, 2103, 2121, 2125, 2138, 2151, 2157, 2179, 2189, 2209, 2256, 2290, 2294, 2305, 2306, 2318, 2357], "excluded_lines": [], "start_line": 2064}, "_paid_trials_from_plans": {"executed_lines": [2366], "summary": {"covered_lines": 1, "num_stateme
[...]
rcent_statements_covered_display": "92"}, "missing_lines": [222, 223, 226, 232], "excluded_lines": [], "start_line": 167}, "propose.one": {"executed_lines": [187, 188, 191, 192], "summary": {"covered_lines": 4, "num_statements": 4, "percent_covered": 100.0, "percent_covered_display": "100", "missing_lines": 0, "excluded_lines": 0, "percent_statements_covered": 100.0, "percent_statements_covered_display": "100"}, "missing_lines": [], "excluded_lines": [], "start_line": 186}, "": {"executed_lines": [9, 11, 12, 13, 14, 15, 17, 18, 19, 20, 21, 50, 52, 67, 68, 69, 70, 71, 74, 86, 89, 95, 104, 129, 132, 138, 152, 153, 154, 155, 156, 157, 160, 167], "summary": {"covered_lines": 34, "num_statements": 34, "percent_covered": 100.0, "percent_covered_display": "100", "missing_lines": 0, "excluded_lines": 10, "percent_statements_covered": 100.0, "percent_statements_covered_display": "100"}, "missing_lines": [], "excluded_lines": [75, 76, 77, 78, 79, 80, 81, 82, 84, 85], "start_line": 1}}, "classes": {"ProviderResult": {"executed_lines": [], "summary": {"covered_lines": 0, "num_statements": 0, "percent_covered": 100.0, "percent_covered_display": "100", "missing_lines": 0, "excluded_lines": 0, "percent_statements_covered": 100.0, "percent_statements_covered_display": "100"}, "missing_lines": [], "excluded_lines": [], "start_line": 68}, "Provider": {"executed_lines": [], "summary": {"covered_lines": 0, "num_statements": 0, "percent_covered": 100.0, "percent_covered_display": "100", "missing_lines": 0, "excluded_lines": 1, "percent_statements_covered": 100.0, "percent_statements_covered_display": "100"}, "missing_lines": [], "excluded_lines": [83], "start_line": 74}, "ApiProvider": {"executed_lines": [90, 91, 92, 93], "summary": {"covered_lines": 4, "num_statements": 13, "percent_covered": 30.76923076923077, "percent_covered_display": "31", "missing_lines": 9, "excluded_lines": 0, "percent_statements_covered": 30.76923076923077, "percent_statements_covered_display": "31"}, "missing_lines": [96, 97, 98, 99, 101, 102, 113, 121, 122], "excluded_lines": [], "start_line": 86}, "MockProvider": {"executed_lines": [133, 135, 136, 147, 148, 149], "summary": {"covered_lines": 6, "num_statements": 7, "percent_covered": 85.71428571428571, "percent_covered_display": "86", "missing_lines": 1, "excluded_lines": 0, "percent_statements_covered": 85.71428571428571, "percent_statements_covered_display": "86"}, "missing_lines": [134], "excluded_lines": [], "start_line": 129}, "ProposalRun": {"executed_lines": [], "summary": {"covered_lines": 0, "num_statements": 0, "percent_covered": 100.0, "percent_covered_display": "100", "missing_lines": 0, "excluded_lines": 0, "percent_statements_covered": 100.0, "percent_statements_covered_display": "100"}, "missing_lines": [], "excluded_lines": [], "start_line": 153}, "": {"executed_lines": [9, 11, 12, 13, 14, 15, 17, 18, 19, 20, 21, 50, 52, 67, 68, 69, 70, 71, 74, 86, 89, 95, 104, 129, 132, 138, 152, 153, 154, 155, 156, 157, 160, 161, 167, 171, 172, 173, 174, 175, 176, 181, 182, 183, 184, 186, 187, 188, 191, 192, 194, 195, 197, 198, 199, 200, 201, 202, 203, 204, 205, 206, 207, 208, 209, 210, 211, 212, 213, 214, 215, 216, 217, 218, 219, 220, 221, 224, 225, 228, 229, 230, 233, 235], "summary": {"covered_lines": 84, "num_statements": 88, "percent_covered": 95.45454545454545, "percent_covered_display": "95", "missing_lines": 4, "excluded_lines": 10, "percent_statements_covered": 95.45454545454545, "percent_statements_covered_display": "95"}, "missing_lines": [222, 223, 226, 232], "excluded_lines": [75, 76, 77, 78, 79, 80, 81, 82, 84, 85], "start_line": 1}}}, "src/attest/review/report.py": {"executed_lines": [3, 5, 8, 9, 10, 18, 21, 30, 31, 33, 34, 35, 36, 38, 39, 41, 42, 43, 44, 45, 46, 47, 49, 54, 55, 56, 57, 58, 59, 64, 65, 67, 72], "summary": {"covered_lines": 33, "num_statements": 33, "percent_covered": 100.0, "percent_covered_display": "100", "missing_lines": 0, "excluded_lines": 0, "percent_statements_covered": 100.0, "percent_statements_covered_display": "100"}, "missing_lines": [], "excluded_lines": [], "functions": {"_fmt_finding": {"executed_lines": [9, 10, 18], "summary": {"covered_lines": 3, "num_statements": 3, "percent_covered": 100.0, "percent_covered_display": "100", "missing_lines": 0, "excluded_lines": 0, "percent_statements_covered": 100.0, "percent_statements_covered_display": "100"}, "missing_lines": [], "excluded_lines": [], "start_line": 8}, "render": {"executed_lines": [30, 31, 33, 34, 35, 36, 38, 39, 41, 42, 43, 44, 45, 46, 47, 49, 54, 55, 56, 57, 58, 59, 64, 65, 67, 72], "summary": {"covered_lines": 26, "num_statements": 26, "percent_covered": 100.0, "percent_covered_display": "100", "missing_lines": 0, "excluded_lines": 0, "percent_statements_covered": 100.0, "percent_statements_covered_display": "100"}, "missing_lines": [], "excluded_lines": [], "start_line": 21}, "": {"executed_lines": [3, 5, 8, 21], "summary": {"covered_lines": 4, "num_statements": 4, "percent_covered": 100.0, "percent_covered_display": "100", "missing_lines": 0, "excluded_lines": 0, "percent_statements_covered": 100.0, "percent_statements_covered_display": "100"}, "missing_lines": [], "excluded_lines": [], "start_line": 1}}, "classes": {"": {"executed_lines": [3, 5, 8, 9, 10, 18, 21, 30, 31, 33, 34, 35, 36, 38, 39, 41, 42, 43, 44, 45, 46, 47, 49, 54, 55, 56, 57, 58, 59, 64, 65, 67, 72], "summary": {"covered_lines": 33, "num_statements": 33, "percent_covered": 100.0, "percent_covered_display": "100", "missing_lines": 0, "excluded_lines": 0, "percent_statements_covered": 100.0, "percent_statements_covered_display": "100"}, "missing_lines": [], "excluded_lines": [], "start_line": 1}}}, "src/attest/review/run.py": {"executed_lines": [3, 5, 6, 7, 8, 9, 10, 11, 13, 14, 15, 16, 17, 18, 19, 20, 21, 24, 25, 26, 27, 28, 29, 30, 31, 32, 33, 36, 40, 43, 52, 53, 54, 55, 56, 57, 60, 61, 64, 65, 68, 78, 87, 88, 89, 90, 93, 106, 107, 108, 116, 117, 128, 137, 146, 147, 148, 149, 150, 151, 152, 153, 164, 165, 166, 167, 168, 169, 170, 171, 173, 174, 175, 176, 177, 188, 201, 202, 207, 208, 209, 210, 211, 212, 213, 214, 215, 220, 221, 222, 223, 224, 232, 233, 238, 239, 247, 248, 249, 251, 252, 253, 254, 264, 265, 270, 271, 272, 273, 274, 275, 288, 289, 290, 300, 301, 313], "summary": {"covered_lines": 117, "num_statements": 118, "percent_covered": 99.15254237288136, "percent_covered_display": "99", "missing_lines": 1, "excluded_lines": 0, "percent_statements_covered": 99.15254237288136, "percent_statements_covered_display": "99"}, "missing_lines": [266], "excluded_lines": [], "functions": {"ReviewExecutionError.__init__": {"executed_lines": [52, 53, 54, 55, 56, 57], "summary": {"covered_lines": 6, "num_statements": 6, "percent_covered": 100.0, "percent_covered_display": "100", "missing_lines": 0, "excluded_lines": 0, "percent_statements_covered": 100.0, "percent_statements_covered_display": "100"}, "missing_lines": [], "excluded_lines": [], "start_line": 43}, "_empty_outcome": {"executed_lines": [61], "summary": {"covered_lines": 1, "num_statements": 1, "percent_covered": 100.0, "percent_covered_display": "100", "missing_lines": 0, "excluded_lines": 0, "percent_statements_covered": 100.0, "percent_statements_covered_display": "100"}, "missing_lines": [], "excluded_lines": [], "start_line": 60}, "make_task_id": {"executed_lines": [65], "summary": {"covered_lines": 1, "num_statements": 1, "percent_covered": 100.0, "percent_covered_display": "100", "missing_lines": 0, "excluded_lines": 0, "percent_statements_covered": 100.0, "percent_statements_covered_display": "100"}, "missing_lines": [], "excluded_lines": [], "start_line": 64}, "_review_run_entry": {"executed_lines": [78, 87, 88, 89, 90], "summary": {"covered_lines": 5, "num_statements": 5, "percent_covered": 100.0, "percent_covered_display": "100", "missing_lines": 0, "excluded_lines": 0, "percent_statements_covered": 100.0, "percent_statements_covered_display": "100"}, "missing_lines": [], "excluded_lines": [], "start_line": 68}, "_raise_execution_error": {"executed_lines": [106, 107, 108, 116, 117, 128], "summary": {"covered_lines": 6, "num_statements": 6, "percent_covered": 100.0, "percent_covered_display": "100", "missing_lines": 0, "excluded_lines": 0, "percent_statements_covered": 100.0, "percent_statements_covered_display": "100"}, "missing_lines": [], "excluded_lines": [], "start_line": 93}, "run_review": {"executed_lines": [146, 147, 148, 149, 150, 151, 152, 153, 164, 165, 166, 167, 168, 169, 170, 171, 173, 174, 175, 176, 177, 188, 201, 202, 207, 208, 209, 210, 211, 212, 213, 214, 215, 220, 221, 222, 223, 224, 232, 233, 238, 239, 247, 248, 249, 251, 252, 253, 254, 264, 265, 270, 271, 272, 273, 274, 275, 288, 289, 290, 300, 301, 313], "summary": {"covered_lines": 63, "num_statements": 64, "percent_covered": 98.4375, "percent_covered_display": "98", "missing_lines": 1, "excluded_lines": 0, "percent_statements_covered": 98.4375, "percent_statements_covered_display": "98"}, "missing_lines": [266], "excluded_lines": [], "start_line": 137}, "": {"executed_lines": [3, 5, 6, 7, 8, 9, 10, 11, 13, 14, 15, 16, 17, 18, 19, 20, 21, 24, 25, 26, 27, 28, 29, 30, 31, 32, 33, 36, 40, 43, 60, 64, 68, 93, 137], "summary": {"covered_lines": 35, "num_statements": 35, "percent_covered": 100.0, "percent_covered_display": "100", "missing_lines": 0, "excluded_lines": 0, "percent_statements_covered": 100.0, "percent_statements_covered_display": "100"}, "missing_lines": [], "excluded_lines": [], "start_line": 1}}, "classes": {"ReviewRun": {"executed_lines": [], "summary": {"covered_lines": 0, "num_statements": 0, "percent_covered": 100.0, "percent_covered_display": "100", "missing_lines": 0, "excluded_lines": 0, "percent_statements_covered": 100.0, "percent_statements_covered_display": "100"}, "missing_lines": [], "excluded_lines": [], "start_line": 25}, "ReviewSetupError": {"executed_lines": [], "summary": {"covered_lines": 0, "num_statements": 0, "percent_covered": 100.0, "percent_covered_display": "100", "missing_lines": 0, "excluded_lines": 0, "percent_statements_covered": 100.0, "percent_statements_covered_display": "100"}, "missing_lines": [], "excluded_lines": [], "start_line": 36}, "ReviewExecutionError": {"executed_lines": [52, 53, 54, 55, 56, 57], "summary": {"covered_lines": 6, "num_statements": 6, "percent_covered": 100.0, "percent_covered_display": "100", "missing_lines": 0, "excluded_lines": 0, "percent_statements_covered": 100.0, "percent_statements_covered_display": "100"}, "missing_lines": [], "excluded_lines": [], "start_line": 40}, "": {"executed_lines": [3, 5, 6, 7, 8, 9, 10, 11, 13, 14, 15, 16, 17, 18, 19, 20, 21, 24, 25, 26, 27, 28, 29, 30, 31, 32, 33, 36, 40, 43, 60, 61, 64, 65, 68, 78, 87, 88, 89, 90, 93, 106, 107, 108, 116, 117, 128, 137, 146, 147, 148, 149, 150, 151, 152, 153, 164, 165, 166, 167, 168, 169, 170, 171, 173, 174, 175, 176, 177, 188, 201, 202, 207, 208, 209, 210, 211, 212, 213, 214, 215, 220, 221, 222, 223, 224, 232, 233, 238, 239, 247, 248, 249, 251, 252, 253, 254, 264, 265, 270, 271, 272, 273, 274, 275, 288, 289, 290, 300, 301, 313], "summary": {"covered_lines": 111, "num_statements": 112, "percent_covered": 99.10714285714286, "percent_covered_display": "99", "missing_lines": 1, "excluded_lines": 0, "percent_statements_covered": 99.10714285714286, "percent_statements_covered_display": "99"}, "missing_lines": [266], "excluded_lines": [], "start_line": 1}}}, "src/attest/review/schema.py": {"executed_lines": [3, 5, 6, 7, 8, 10, 13, 55, 56, 57, 58, 59, 60, 61, 62, 63, 65, 66, 67, 68, 71, 72, 76, 79, 80, 81, 82, 84, 87, 89, 90, 91, 92, 93, 94, 95, 96, 97, 98, 99, 100, 101, 102, 103, 104, 105, 108, 109], "summary": {"covered_lines": 48, "num_statements": 49, "percent_covered": 97.95918367346938, "percent_covered_display": "98", "missing_lines": 1, "excluded_lines": 0, "percent_statements_covered": 97.95918367346938, "percent_statements_covered_display": "98"}, "missing_lines": [83], "excluded_lines": [], "functions": {"Finding.finding_id": {"executed_lines": [67, 68], "summary": {"covered_lines": 2, "num_statements": 2, "percent_covered": 100.0, "percent_covered_display": "100", "missing_lines": 0, "excluded_lines": 0, "percent_statements_covered": 100.0, "percent_statements_covered_display": "100"}, "missing_lines": [], "excluded_lines": [], "start_line": 66}, "_sentence_count": {"executed_lines": [80, 81, 82, 84], "summary": {"covered_lines": 4, "num_statements": 5, "percent_covered": 80.0, "percent_covered_display": "80", "missing_lines": 1, "excluded_lines": 0, "percent_statements_covered": 80.0, "percent_statements_covered_display": "80"}, "missing_lines": [83], "excluded_lines": [], "start_line": 79}, "validate_finding": {"executed_lines": [89, 90, 91, 92, 93, 94, 95, 96, 97, 98, 99, 100, 101, 102, 103, 104, 105, 108, 109], "summary": {"covered_lines": 19, "num_statements": 19, "percent_covered": 100.0, "percent_covered_display": "100", "missing_lines": 0, "excluded_lines": 0, "percent_statements_covered": 100.0, "percent_statements_covered_display": "100"}, "missing_lines": [], "excluded_lines": [], "start_line": 87}, "": {"executed_lines": [3, 5, 6, 7, 8, 10, 13, 55, 56, 57, 58, 59, 60, 61, 62, 63, 65, 66, 71, 72, 76, 79, 87], "summary": {"covered_lines": 23, "num_statements": 23, "percent_covered": 100.0, "percent_covered_display": "100", "missing_lines": 0, "excluded_lines": 0, "percent_statements_covered": 100.0, "percent_statements_covered_display": "100"}, "missing_lines": [], "excluded_lines": [], "start_line": 1}}, "classes": {"Finding": {"executed_lines": [67, 68], "summary": {"covered_lines": 2, "num_statements": 2, "percent_covered": 100.0, "percent_covered_display": "100", "missing_lines": 0, "excluded_lines": 0, "percent_statements_covered": 100.0, "percent_statements_covered_display": "100"}, "missing_lines": [], "excluded_lines": [], "start_line": 56}, "": {"executed_lines": [3, 5, 6, 7, 8, 10, 13, 55, 56, 57, 58, 59, 60, 61, 62, 63, 65, 66, 71, 72, 76, 79, 80, 81, 82, 84, 87, 89, 90, 91, 92, 93, 94, 95, 96, 97, 98, 99, 100, 101, 102, 103, 104, 105, 108, 109], "summary": {"covered_lines": 46, "num_statements": 47, "percent_covered": 97.87234042553192, "percent_covered_display": "98", "missing_lines": 1, "excluded_lines": 0, "percent_statements_covered": 97.87234042553192, "percent_statements_covered_display": "98"}, "missing_lines": [83], "excluded_lines": [], "start_line": 1}}}, "src/attest/review/tier0.py": {"executed_lines": [13, 15, 16, 17, 18, 19, 20, 21, 22, 23, 25, 27, 30, 31, 32, 33, 34, 35, 38, 39, 40, 41, 42, 43, 51, 52, 53, 54, 55, 56, 57, 58, 66, 67, 68, 71, 72, 73, 74, 75, 78, 81, 82, 83, 84, 85, 86, 87, 115, 119, 120, 122, 123, 124, 127, 131, 136, 200, 202, 205, 211, 212, 213, 214, 215, 217, 218, 219, 220, 221, 222, 223, 224, 225, 228, 230, 240, 243, 244, 245, 246, 247, 248, 249, 250, 251, 252, 253, 254, 255, 256, 257, 258, 259, 260, 261, 262, 263, 266, 277, 278, 279, 280, 281, 289, 290, 292, 293, 294, 295, 296, 297, 298, 299], "summary": {"covered_lines": 114, "num_statements": 114, "percent_covered": 100.0, "percent_covered_display": "100", "missing_lines": 0, "excluded_lines": 0, "percent_statements_covered": 100.0, "percent_statements_covered_display": "100"}, "missing_lines": [], "excluded_lines": [], "functions": {"run_ruff": {"executed_lines": [39, 40, 41, 42, 43, 51, 52, 53, 54, 55, 56, 57, 58, 66, 67, 68], "summary": {"covered_lines": 16, "num_statements": 16, "percent_covered": 100.0, "percent_covered_display": "100", "missing_lines": 0, "excluded_lines": 0, "percent_statements_covered": 100.0, "percent_statements_covered_display": "100"}, "missing_lines": [], "excluded_lines": [], "start_line": 38}, "collect_signals": {"executed_lines": [72, 73, 74, 75], "summary": {"covered_lines": 4, "num_statements": 4, "percent_covered": 100.0, "percent_covered_display": "100", "missing_lines": 0, "excluded_lines": 0, "percent_statements_covered": 100.0, "percent_statements_covered_display": "100"}, "missing_lines": [], "excluded_lines": [], "start_line": 71}, "signals_near": {"executed_lines": [81, 82, 83, 84, 85, 86, 87], "summary": {"covered_lines": 7, "num_statements": 7, "percent_covered": 100.0, "percent_covered_display": "100", "missing_lines": 0, "excluded_lines": 0, "percent_statements_covered": 100.0, "percent_statements_covered_display": "100"}, "missing_lines": [], "excluded_lines": [], "start_line": 78}, "_ident_candidates": {"executed_lines": [211, 212, 213, 214, 215, 217, 218, 219, 220, 221, 222, 223, 224, 225], "summary": {"covered_lines": 14, "num_statements": 14, "percent_covered": 100.0, "percent_covered_display": "100", "missing_lines": 0, "excluded_lines": 0, "percent_statements_covered": 100.0, "percent_statements_covered_display": "100"}, "missing_lines": [], "excluded_lines": [], "start_line": 205}, "_ident_is_noise": {"executed_lines": [230], "summary": {"covered_lines": 1, "num_statements": 1, "percent_covered": 100.0, "percent_covered_display": "100", "missing_lines": 0, "excluded_lines": 0, "percent_statements_covered": 100.0, "percent_statements_covered_display": "100"}, "missing_lines": [], "excluded_lines": [], "start_line": 228}, "_ident_defined_names": {"executed_lines": [243, 244, 245, 246, 247, 248, 249, 250, 251, 252, 253, 254, 255, 256, 257, 258, 259, 260, 261, 262, 263], "summary": {"covered_lines": 21, "num_statements": 21, "percent_covered": 100.0, "percent_covered_display": "100", "missing_lines": 0, "excluded_lines": 0, "percent_statements_covered": 100.0, "percent_statements_covered_display": "100"}, "missing_lines": [], "excluded_lines": [], "start_line": 240}, "unresolved_identifiers": {"executed_lines": [277, 278, 279, 280, 281, 289, 290, 292, 293, 294, 295, 296, 297, 298, 299], "summary": {"covered_lines": 15, "num_statements": 15, "percent_covered": 100.0, "percent_covered_display": "100", "missing_lines": 0, "excluded_lines": 0, "percent_statements_covered": 100.0, "percent_statements_covered_display": "100"}, "missing_lines": [], "excluded_lines": [], "start_line": 266}, "": {"executed_lines": [13, 15, 16, 17, 18, 19, 20, 21, 22, 23, 25, 27, 30, 31, 32, 33, 34, 35, 38, 71, 78, 115, 119, 120, 122, 123, 124, 127, 131, 136, 200, 202, 205, 228, 240, 266], "summary": {"covered_lines": 36, "num_statements": 36, "percent_covered": 100.0, "percent_covered_display": "100", "missing_lines": 0, "excluded_lines": 0, "percent_statements_covered": 100.0, "percent_statements_covered_display": "100"}, "missing_lines": [], "excluded_lines": [], "start_line": 1}}, "classes": {"Tier0Signal": {"executed_lines": [], "summary": {"covered_lines": 0, "num_statements": 0, "percent_covered": 100.0, "percent_covered_display": "100", "missing_lines": 0, "excluded_lines": 0, "percent_statements_covered": 100.0, "percent_statements_covered_display": "100"}, "missing_lines": [], "excluded_lines": [], "start_line": 31}, "": {"executed_lines": [13, 15, 16, 17, 18, 19, 20, 21, 22, 23, 25, 27, 30, 31, 32, 33, 34, 35, 38, 39, 40, 41, 42, 43, 51, 52, 53, 54, 55, 56, 57, 58, 66, 67, 68, 71, 72, 73, 74, 75, 78, 81, 82, 83, 84, 85, 86, 87, 115, 119, 120, 122, 123, 124, 127, 131, 136, 200, 202, 205, 211, 212, 213, 214, 215, 217, 218, 219, 220, 221, 222, 223, 224, 225, 228, 230, 240, 243, 244, 245, 246, 247, 248, 249, 250, 251, 252, 253, 254, 255, 256, 257, 258, 259, 260, 261, 262, 263, 266, 277, 278, 279, 280, 281, 289, 290, 292, 293, 294, 295, 296, 297, 298, 299], "summary": {"covered_lines": 114, "num_statements": 114, "percent_covered": 100.0, "percent_covered_display": "100", "missing_lines": 0, "excluded_lines": 0, "percent_statements_covered": 100.0, "percent_statements_covered_display": "100"}, "missing_lines": [], "excluded_lines": [], "start_line": 1}}}}, "totals": {"covered_lines": 12373, "num_statements": 13728, "percent_covered": 90.12966200466201, "percent_covered_display": "90", "missing_lines": 1355, "excluded_lines": 49, "percent_statements_covered": 90.12966200466201, "percent_statements_covered_display": "90"}}